load
push_token ----- array (
)
push_token ----- array (
)
push_token ----- array (
)
push_token ----- array (
)
push_token ----- array (
  'video' => 
  array (
    'name' => 'Screen_Recording_20211227-142059_ .mp4',
    'type' => 'video/*',
    'tmp_name' => '/tmp/phphPZThs',
    'error' => 0,
    'size' => 3222117,
  ),
)
push_token ----- array (
)
push_token ----- array (
  'video' => 
  array (
    'name' => 'Screen_Recording_20211227-142059_ .mp4',
    'type' => 'video/*',
    'tmp_name' => '/tmp/phpE63ipe',
    'error' => 0,
    'size' => 3222117,
  ),
)
push_token ----- array (
  'video' => 
  array (
    'name' => 'Screen_Recording_20211227-142059_ .mp4',
    'type' => 'video/*',
    'tmp_name' => '/tmp/phpqh1ghF',
    'error' => 0,
    'size' => 3222117,
  ),
)
push_token ----- array (
  'video' => 
  array (
    'name' => 'Screen_Recording_20211227-142059_ .mp4',
    'type' => 'video/*',
    'tmp_name' => '/tmp/phpIsH8yn',
    'error' => 0,
    'size' => 3222117,
  ),
)
push_token ----- array (
  'video' => 
  array (
    'name' => 'Screen_Recording_20211227-142059_ .mp4',
    'type' => 'video/*',
    'tmp_name' => '/tmp/phpDB79kn',
    'error' => 0,
    'size' => 3222117,
  ),
)
push_token ----- array (
)
push_token ----- array (
  'video' => 
  array (
    'name' => 'pig.mp4',
    'type' => 'video/mp4',
    'tmp_name' => '/tmp/phpBIRh8q',
    'error' => 0,
    'size' => 5649899,
  ),
)
push_token ----- array (
  'useridx' => '64',
  'thum' => '{"mHeight":540,"mNativePtr":-5476376639893603520,"mWidth":243}',
)
push_token ----- array (
  'video' => 
  array (
    'name' => 'Screen_Recording_20211227-142059_ .mp4',
    'type' => 'video/*',
    'tmp_name' => '/tmp/phpxlC7mj',
    'error' => 0,
    'size' => 3222117,
  ),
)
push_token ----- array (
  'useridx' => '64',
  'thum' => '{"mHeight":540,"mNativePtr":-5476376634754979136,"mWidth":243}',
)
push_token ----- array (
  'video' => 
  array (
    'name' => 'Screen_Recording_20211227-142059_ .mp4',
    'type' => 'video/*',
    'tmp_name' => '/tmp/php1ehySi',
    'error' => 0,
    'size' => 3222117,
  ),
)
push_token ----- array (
  'useridx' => '64',
  'thum' => '{"mHeight":540,"mNativePtr":-5476376634754980544,"mWidth":243}',
)
push_token ----- array (
  'video' => 
  array (
    'name' => 'Screen_Recording_20211227-142059_ .mp4',
    'type' => 'video/*',
    'tmp_name' => '/tmp/phptBKfWW',
    'error' => 0,
    'size' => 3222117,
  ),
)
push_token ----- array (
)
push_token ----- array (
)
push_token ----- array (
)
push_token ----- array (
  'video' => 
  array (
    'name' => 'pig.mp4',
    'type' => 'video/mp4',
    'tmp_name' => '/tmp/phpPgjirR',
    'error' => 0,
    'size' => 5649899,
  ),
)
push_token ----- array (
  'useridx' => '64',
)
push_token ----- array (
  'thum' => 
  array (
    'name' => 'drink-2355224_1280.jpeg',
    'type' => 'image/jpeg',
    'tmp_name' => '/tmp/phpIiPzt4',
    'error' => 0,
    'size' => 193617,
  ),
  'video' => 
  array (
    'name' => 'pig.mp4',
    'type' => 'video/mp4',
    'tmp_name' => '/tmp/phphp4wTQ',
    'error' => 0,
    'size' => 5649899,
  ),
)
push_token ----- array (
  'useridx' => '64',
)
push_token ----- array (
  'thum' => 
  array (
    'name' => 'drink-2355224_1280.jpeg',
    'type' => 'image/jpeg',
    'tmp_name' => '/tmp/phpLPeNnu',
    'error' => 0,
    'size' => 193617,
  ),
  'video' => 
  array (
    'name' => 'pig.mp4',
    'type' => 'video/mp4',
    'tmp_name' => '/tmp/phpH5Dl22',
    'error' => 0,
    'size' => 5649899,
  ),
)
push_token ----- array (
  'useridx' => '64',
  'thum' => '{"mHeight":540,"mNativePtr":-5476376637684231552,"mWidth":243}',
)
push_token ----- array (
  'video' => 
  array (
    'name' => 'Screen_Recording_20211227-142059_ .mp4',
    'type' => 'video/*',
    'tmp_name' => '/tmp/php1hN3Kj',
    'error' => 0,
    'size' => 3222117,
  ),
)
push_token ----- array (
)
push_token ----- array (
)
push_token ----- array (
)
push_token ----- array (
)
push_token ----- array (
  'useridx' => '64',
)
push_token ----- array (
  'thum' => 
  array (
    'name' => 'drink-2355224_1280.jpeg',
    'type' => 'image/jpeg',
    'tmp_name' => '/tmp/phplbwSwb',
    'error' => 0,
    'size' => 193617,
  ),
  'video' => 
  array (
    'name' => 'pig.mp4',
    'type' => 'video/mp4',
    'tmp_name' => '/tmp/phpOYR8DZ',
    'error' => 0,
    'size' => 5649899,
  ),
)
push_token ----- array (
  'useridx' => '64',
)
push_token ----- array (
  'thum' => 
  array (
    'name' => 'drink-2355224_1280.jpeg',
    'type' => 'image/jpeg',
    'tmp_name' => '/tmp/php6bUkBS',
    'error' => 0,
    'size' => 193617,
  ),
  'video' => 
  array (
    'name' => 'pig.mp4',
    'type' => 'video/mp4',
    'tmp_name' => '/tmp/php7yMAsU',
    'error' => 0,
    'size' => 5649899,
  ),
)
push_token ----- array (
  'useridx' => '64',
)
push_token ----- array (
  'thum' => 
  array (
    'name' => 'drink-2355224_1280.jpeg',
    'type' => 'image/jpeg',
    'tmp_name' => '/tmp/phpP5IFgc',
    'error' => 0,
    'size' => 193617,
  ),
  'video' => 
  array (
    'name' => 'pig.mp4',
    'type' => 'video/mp4',
    'tmp_name' => '/tmp/phpFDezCl',
    'error' => 0,
    'size' => 5649899,
  ),
)
push_token ----- array (
  'useridx' => '64',
  'thum' => '{"mHeight":540,"mNativePtr":-5476376637684804544,"mWidth":243}',
)
push_token ----- array (
  'video' => 
  array (
    'name' => 'Screen_Recording_20211227-142059_ .mp4',
    'type' => 'video/*',
    'tmp_name' => '/tmp/phph4gJs1',
    'error' => 0,
    'size' => 3222117,
  ),
)
push_token ----- array (
  'useridx' => '64',
  'thum' => '{"mHeight":540,"mNativePtr":-5476376637684803200,"mWidth":243}',
)
push_token ----- array (
  'video' => 
  array (
    'name' => 'mobizen_20210614_094243.mp4',
    'type' => 'video/*',
    'tmp_name' => '/tmp/phpf4Tzuf',
    'error' => 0,
    'size' => 2032485,
  ),
)
push_token ----- array (
  'useridx' => '64',
  'thum' => '{"mHeight":304,"mNativePtr":-5476376637684802112,"mWidth":540}',
)
push_token ----- array (
  'video' => 
  array (
    'name' => 'pig.mp4',
    'type' => 'video/*',
    'tmp_name' => '/tmp/phpBUw7AH',
    'error' => 0,
    'size' => 5649899,
  ),
)
push_token ----- array (
)
push_token ----- array (
)
push_token ----- array (
  'useridx' => '64',
)
push_token ----- array (
  'thum' => 
  array (
    'name' => 'drink-2355224_1280.jpeg',
    'type' => 'image/jpeg',
    'tmp_name' => '/tmp/phpF1OLAr',
    'error' => 0,
    'size' => 193617,
  ),
  'video' => 
  array (
    'name' => 'pig.mp4',
    'type' => 'video/mp4',
    'tmp_name' => '/tmp/phpjwMxEx',
    'error' => 0,
    'size' => 5649899,
  ),
)
push_token ----- array (
  'useridx' => '64',
)
push_token ----- array (
  'thum' => 
  array (
    'name' => 'limeade.jpeg',
    'type' => 'image/jpeg',
    'tmp_name' => '/tmp/php7s530w',
    'error' => 0,
    'size' => 358657,
  ),
  'video' => 
  array (
    'name' => 'pig.mp4',
    'type' => 'video/mp4',
    'tmp_name' => '/tmp/php5bnFwH',
    'error' => 0,
    'size' => 5649899,
  ),
)
push_token ----- array (
  'useridx' => '64',
)
push_token ----- array (
  'thum' => 
  array (
    'name' => 'limeade.jpeg',
    'type' => 'image/jpeg',
    'tmp_name' => '/tmp/phpiU9aGE',
    'error' => 0,
    'size' => 358657,
  ),
  'video' => 
  array (
    'name' => 'pig.mp4',
    'type' => 'video/mp4',
    'tmp_name' => '/tmp/phpj2oCRW',
    'error' => 0,
    'size' => 5649899,
  ),
)
push_token ----- array (
  'useridx' => '64',
  'thum' => '{"mHeight":540,"mNativePtr":-5476376661573324800,"mWidth":275}',
)
push_token ----- array (
  'video' => 
  array (
    'name' => '급여내역_항목삭제팝업 오류.mp4',
    'type' => 'video/*',
    'tmp_name' => '/tmp/phpOD3hu4',
    'error' => 0,
    'size' => 6555224,
  ),
)
push_token ----- array (
)
push_token ----- array (
)
push_token ----- array (
)
push_token ----- array (
)
push_token ----- array (
  'useridx' => '64',
  'thum' => '{"mHeight":540,"mNativePtr":-5476376661573352640,"mWidth":275}',
)
push_token ----- array (
  'video' => 
  array (
    'name' => '급여내역_항목삭제팝업 오류.mp4',
    'type' => 'video/*',
    'tmp_name' => '/tmp/phpOrwsfO',
    'error' => 0,
    'size' => 6555224,
  ),
)
push_token ----- array (
  'useridx' => '64',
  'thum' => '{"mHeight":540,"mNativePtr":-5476376661573503520,"mWidth":275}',
)
push_token ----- array (
  'video' => 
  array (
    'name' => '직원선택 오류.mp4',
    'type' => 'video/*',
    'tmp_name' => '/tmp/phppiQx6i',
    'error' => 0,
    'size' => 6240260,
  ),
)
push_token ----- array (
)
push_token ----- array (
)
push_token ----- array (
  'useridx' => '64',
  'thum' => '{"mHeight":720,"mNativePtr":-5476376661573376400,"mWidth":336}',
)
push_token ----- array (
  'video' => 
  array (
    'name' => 'Screen_Recording_20221110-152839.mp4',
    'type' => 'video/*',
    'tmp_name' => '/tmp/php8PUJO9',
    'error' => 0,
    'size' => 7118037,
  ),
)
push_token ----- array (
  'useridx' => '64',
)
push_token ----- array (
  'thum' => 
  array (
    'name' => 'limeade.jpeg',
    'type' => 'image/jpeg',
    'tmp_name' => '/tmp/phpXikgna',
    'error' => 0,
    'size' => 358657,
  ),
  'video' => 
  array (
    'name' => 'pig.mp4',
    'type' => 'video/mp4',
    'tmp_name' => '/tmp/phpKNOKmE',
    'error' => 0,
    'size' => 5649899,
  ),
)
push_token ----- array (
)
push_token ----- array (
)
push_token ----- array (
)
push_token ----- array (
)
push_token ----- array (
  'useridx' => '64',
)
push_token ----- array (
  'video' => 
  array (
    'name' => 'IMG_4080.MOV',
    'type' => 'video/quicktime',
    'tmp_name' => '/tmp/phpol1Ub2',
    'error' => 0,
    'size' => 4587010,
  ),
)
push_token ----- array (
  'useridx' => '64',
)
push_token ----- array (
  'video' => 
  array (
    'name' => 'IMG_4080.MOV',
    'type' => 'video/quicktime',
    'tmp_name' => '/tmp/phpKfEqda',
    'error' => 0,
    'size' => 4587010,
  ),
)
push_token ----- array (
  'useridx' => '64',
  'thum' => '{"mHeight":720,"mNativePtr":-5476376661573352960,"mWidth":336}',
)
push_token ----- array (
  'video' => 
  array (
    'name' => 'Screen_Recording_20221110-152839.mp4',
    'type' => 'video/*',
    'tmp_name' => '/tmp/phpgJfcTa',
    'error' => 0,
    'size' => 7118037,
  ),
)
push_token ----- array (
  'useridx' => '64',
  'thum' => '{"mHeight":720,"mNativePtr":-5476376661573439120,"mWidth":336}',
)
push_token ----- array (
  'video' => 
  array (
    'name' => 'Screen_Recording_20221110-152839.mp4',
    'type' => 'video/*',
    'tmp_name' => '/tmp/phpkfhnSe',
    'error' => 0,
    'size' => 7118037,
  ),
)
push_token ----- array (
  'useridx' => '64',
)
push_token ----- array (
  'thum' => 
  array (
    'name' => 'limeade.jpeg',
    'type' => 'image/jpeg',
    'tmp_name' => '/tmp/phpYnfkEs',
    'error' => 0,
    'size' => 358657,
  ),
  'video' => 
  array (
    'name' => 'pig.mp4',
    'type' => 'video/mp4',
    'tmp_name' => '/tmp/phpEMPcCG',
    'error' => 0,
    'size' => 5649899,
  ),
)
push_token ----- array (
  'useridx' => '64',
  'thum' => '{"mHeight":540,"mNativePtr":-5476376661573355520,"mWidth":252}',
)
push_token ----- array (
  'video' => 
  array (
    'name' => 'Screen_Recording_20211123-170101.mp4',
    'type' => 'video/*',
    'tmp_name' => '/tmp/phpQz4Et6',
    'error' => 0,
    'size' => 5464729,
  ),
)
push_token ----- array (
  'useridx' => '64',
  'thum' => '{"mHeight":720,"mNativePtr":-5476376661573348160,"mWidth":367}',
)
push_token ----- array (
  'video' => 
  array (
    'name' => 'mobizen_20220914_104627.mp4',
    'type' => 'video/*',
    'tmp_name' => '/tmp/phpcKYZ6a',
    'error' => 0,
    'size' => 4085105,
  ),
)
push_token ----- array (
  'useridx' => '64',
)
push_token ----- array (
  'thum' => 
  array (
    'name' => 'android.graphics.Bitmap@6450922.jpg',
    'type' => 'image/*',
    'tmp_name' => '/tmp/phpSCaIXZ',
    'error' => 0,
    'size' => 44941,
  ),
  'video' => 
  array (
    'name' => 'mobizen_20220914_104627.mp4',
    'type' => 'video/*',
    'tmp_name' => '/tmp/phpkziAoj',
    'error' => 0,
    'size' => 4085105,
  ),
)
push_token ----- array (
)
push_token ----- array (
)
push_token ----- array (
  'useridx' => '64',
)
push_token ----- array (
  'thum' => 
  array (
    'name' => 'android.graphics.Bitmap@4e363b8.jpg',
    'type' => 'image/*',
    'tmp_name' => '/tmp/phpdz2EpA',
    'error' => 0,
    'size' => 32480,
  ),
  'video' => 
  array (
    'name' => 'Screen_Recording_20221110-151012.mp4',
    'type' => 'video/*',
    'tmp_name' => '/tmp/phpEykBfu',
    'error' => 0,
    'size' => 5534113,
  ),
)
push_token ----- array (
  'useridx' => '64',
)
push_token ----- array (
  'thum' => 
  array (
    'name' => 'android.graphics.Bitmap@f7a0860.jpg',
    'type' => 'image/*',
    'tmp_name' => '/tmp/phptKpkvm',
    'error' => 0,
    'size' => 32265,
  ),
  'video' => 
  array (
    'name' => 'mobizen_20220325_153723.mp4',
    'type' => 'video/*',
    'tmp_name' => '/tmp/php4NGUq2',
    'error' => 0,
    'size' => 1554367,
  ),
)
push_token ----- array (
)
push_token ----- array (
)
push_token ----- array (
  'useridx' => '64',
)
push_token ----- array (
  'thum' => 
  array (
    'name' => 'android.graphics.Bitmap@4e744a8.jpg',
    'type' => 'image/*',
    'tmp_name' => '/tmp/phpqduIir',
    'error' => 0,
    'size' => 32265,
  ),
  'video' => 
  array (
    'name' => 'mobizen_20220325_153723.mp4',
    'type' => 'video/*',
    'tmp_name' => '/tmp/phpcC6Qdc',
    'error' => 0,
    'size' => 1554367,
  ),
)
push_token ----- array (
  'useridx' => '64',
)
push_token ----- array (
  'thum' => 
  array (
    'name' => 'android.graphics.Bitmap@aa876ed.jpg',
    'type' => 'image/*',
    'tmp_name' => '/tmp/php9ZLbJz',
    'error' => 0,
    'size' => 44941,
  ),
  'video' => 
  array (
    'name' => 'mobizen_20220914_104627.mp4',
    'type' => 'video/*',
    'tmp_name' => '/tmp/phpyZFDYs',
    'error' => 0,
    'size' => 4085105,
  ),
)
push_token ----- array (
  'useridx' => '64',
)
push_token ----- array (
  'thum' => 
  array (
    'name' => 'android.graphics.Bitmap@92f4970.jpg',
    'type' => 'image/*',
    'tmp_name' => '/tmp/php0JhJSX',
    'error' => 0,
    'size' => 44941,
  ),
  'video' => 
  array (
    'name' => 'mobizen_20220914_104627.mp4',
    'type' => 'video/*',
    'tmp_name' => '/tmp/phpA8dPef',
    'error' => 0,
    'size' => 4085105,
  ),
)
push_token ----- array (
)
push_token ----- array (
)
push_token ----- array (
  'useridx' => '64',
)
push_token ----- array (
  'thum' => 
  array (
    'name' => 'android.graphics.Bitmap@6c3e7.jpg',
    'type' => 'image/*',
    'tmp_name' => '/tmp/phpfx50Tc',
    'error' => 0,
    'size' => 44941,
  ),
  'video' => 
  array (
    'name' => 'mobizen_20220914_104627.mp4',
    'type' => 'video/*',
    'tmp_name' => '/tmp/phpYCfAgJ',
    'error' => 0,
    'size' => 4085105,
  ),
)
push_token ----- array (
  'useridx' => '64',
)
push_token ----- array (
  'thum' => 
  array (
    'name' => 'android.graphics.Bitmap@31f71c4.jpg',
    'type' => 'image/*',
    'tmp_name' => '/tmp/phpjbmdWQ',
    'error' => 0,
    'size' => 68219,
  ),
  'video' => 
  array (
    'name' => 'Screen_Recording_20211123-170101.mp4',
    'type' => 'video/*',
    'tmp_name' => '/tmp/phpcldcl1',
    'error' => 0,
    'size' => 5464729,
  ),
)
push_token ----- array (
  'useridx' => '64',
)
push_token ----- array (
  'thum' => 
  array (
    'name' => 'android.graphics.Bitmap@31f71c4.jpg',
    'type' => 'image/*',
    'tmp_name' => '/tmp/phpDNt2tu',
    'error' => 0,
    'size' => 68219,
  ),
  'video' => 
  array (
    'name' => 'Screen_Recording_20211123-170101.mp4',
    'type' => 'video/*',
    'tmp_name' => '/tmp/phpYv484v',
    'error' => 0,
    'size' => 5464729,
  ),
)
push_token ----- array (
)
push_token ----- array (
)
push_token ----- array (
  'useridx' => '64',
)
push_token ----- array (
  'thum' => 
  array (
    'name' => 'android.graphics.Bitmap@22a05ef.jpg',
    'type' => 'image/*',
    'tmp_name' => '/tmp/phpdO1RH9',
    'error' => 0,
    'size' => 68219,
  ),
  'video' => 
  array (
    'name' => 'Screen_Recording_20211123-170101.mp4',
    'type' => 'video/*',
    'tmp_name' => '/tmp/phpYsEnrN',
    'error' => 0,
    'size' => 5464729,
  ),
)
push_token ----- array (
  'useridx' => '64',
)
push_token ----- array (
  'thum' => 
  array (
    'name' => 'android.graphics.Bitmap@aa558ad.jpg',
    'type' => 'image/*',
    'tmp_name' => '/tmp/phpBiPFiE',
    'error' => 0,
    'size' => 68219,
  ),
  'video' => 
  array (
    'name' => 'Screen_Recording_20211123-170101.mp4',
    'type' => 'video/*',
    'tmp_name' => '/tmp/phpy5mL4B',
    'error' => 0,
    'size' => 5464729,
  ),
)
push_token ----- array (
  'useridx' => '64',
)
push_token ----- array (
  'thum' => 
  array (
    'name' => 'android.graphics.Bitmap@75fcd92.jpg',
    'type' => 'image/*',
    'tmp_name' => '/tmp/phpMmcIeM',
    'error' => 0,
    'size' => 44941,
  ),
  'video' => 
  array (
    'name' => 'mobizen_20220914_104627.mp4',
    'type' => 'video/*',
    'tmp_name' => '/tmp/phpGtg5UR',
    'error' => 0,
    'size' => 4085105,
  ),
)
push_token ----- array (
  'useridx' => '64',
)
push_token ----- array (
  'thum' => 
  array (
    'name' => 'android.graphics.Bitmap@f5741cb.jpg',
    'type' => 'image/*',
    'tmp_name' => '/tmp/phpeaZiYM',
    'error' => 0,
    'size' => 68219,
  ),
  'video' => 
  array (
    'name' => 'Screen_Recording_20211123-170101.mp4',
    'type' => 'video/*',
    'tmp_name' => '/tmp/php8ZKtOn',
    'error' => 0,
    'size' => 5464729,
  ),
)
push_token ----- array (
  'useridx' => '64',
)
push_token ----- array (
  'thum' => 
  array (
    'name' => 'android.graphics.Bitmap@79b30d8.jpg',
    'type' => 'image/*',
    'tmp_name' => '/tmp/phpJThNMU',
    'error' => 0,
    'size' => 68219,
  ),
  'video' => 
  array (
    'name' => 'Screen_Recording_20211123-170101.mp4',
    'type' => 'video/*',
    'tmp_name' => '/tmp/phpWhevo6',
    'error' => 0,
    'size' => 5464729,
  ),
)
push_token ----- array (
  'useridx' => '64',
)
push_token ----- array (
  'thum' => 
  array (
    'name' => 'android.graphics.Bitmap@2b6e758.jpg',
    'type' => 'image/*',
    'tmp_name' => '/tmp/phppHtgr6',
    'error' => 0,
    'size' => 118980,
  ),
  'video' => 
  array (
    'name' => '20221129_161659.mp4',
    'type' => 'video/*',
    'tmp_name' => '/tmp/phpiVFzzp',
    'error' => 0,
    'size' => 745993,
  ),
)
push_token ----- array (
  'useridx' => '64',
)
push_token ----- array (
  'thum' => 
  array (
    'name' => 'android.graphics.Bitmap@18ff0c7.jpg',
    'type' => 'image/*',
    'tmp_name' => '/tmp/php43J0Uc',
    'error' => 0,
    'size' => 32060,
  ),
  'video' => 
  array (
    'name' => 'Screen_Recording_20221110-152839.mp4',
    'type' => 'video/*',
    'tmp_name' => '/tmp/phpS4ZkgJ',
    'error' => 0,
    'size' => 7118037,
  ),
)
push_token ----- array (
  'useridx' => '64',
)
push_token ----- array (
  'thum' => 
  array (
    'name' => 'android.graphics.Bitmap@3042adb.jpg',
    'type' => 'image/*',
    'tmp_name' => '/tmp/php4IUxBI',
    'error' => 0,
    'size' => 118980,
  ),
  'video' => 
  array (
    'name' => '20221129_161659.mp4',
    'type' => 'video/*',
    'tmp_name' => '/tmp/phpIy8O3H',
    'error' => 0,
    'size' => 745993,
  ),
)
push_token ----- array (
)
push_token ----- array (
)
push_token ----- array (
  'useridx' => '69',
)
push_token ----- array (
  'thum' => 
  array (
    'name' => 'android.graphics.Bitmap@515126b.jpg',
    'type' => 'image/*',
    'tmp_name' => '/tmp/phpKWOh7L',
    'error' => 0,
    'size' => 115546,
  ),
  'video' => 
  array (
    'name' => 'pig.mp4',
    'type' => 'video/*',
    'tmp_name' => '/tmp/phpems2hQ',
    'error' => 0,
    'size' => 5649899,
  ),
)
push_token ----- array (
)
push_token ----- array (
)
push_token ----- array (
)
push_token ----- array (
)
push_token ----- array (
)
push_token ----- array (
)
push_token ----- array (
  'useridx' => '69',
)
push_token ----- array (
  'thum' => 
  array (
    'name' => 'android.graphics.Bitmap@436c5b.jpg',
    'type' => 'image/*',
    'tmp_name' => '/tmp/phpGZmNF6',
    'error' => 0,
    'size' => 115546,
  ),
  'video' => 
  array (
    'name' => 'pig.mp4',
    'type' => 'video/*',
    'tmp_name' => '/tmp/phpibk4DP',
    'error' => 0,
    'size' => 5649899,
  ),
)
push_token ----- array (
  'useridx' => '69',
)
push_token ----- array (
  'thum' => 
  array (
    'name' => 'android.graphics.Bitmap@fc30119.jpg',
    'type' => 'image/*',
    'tmp_name' => '/tmp/phpHMsYAY',
    'error' => 0,
    'size' => 66038,
  ),
  'video' => 
  array (
    'name' => 'mobizen_20210614_094243.mp4',
    'type' => 'video/*',
    'tmp_name' => '/tmp/phpqEu1Dg',
    'error' => 0,
    'size' => 2032485,
  ),
)
push_token ----- array (
  'useridx' => '69',
)
push_token ----- array (
  'thum' => 
  array (
    'name' => 'android.graphics.Bitmap@83c3ff1.jpg',
    'type' => 'image/*',
    'tmp_name' => '/tmp/phpKnm7v4',
    'error' => 0,
    'size' => 57336,
  ),
  'video' => 
  array (
    'name' => 'Screen_Recording_20211227-142059_ .mp4',
    'type' => 'video/*',
    'tmp_name' => '/tmp/phpGvTUOi',
    'error' => 0,
    'size' => 3222117,
  ),
)
push_token ----- array (
  'useridx' => '69',
)
push_token ----- array (
  'thum' => 
  array (
    'name' => 'android.graphics.Bitmap@6c94ea5.jpg',
    'type' => 'image/*',
    'tmp_name' => '/tmp/phpktpQEn',
    'error' => 0,
    'size' => 115546,
  ),
  'video' => 
  array (
    'name' => 'pig.mp4',
    'type' => 'video/*',
    'tmp_name' => '/tmp/phpuFHcbw',
    'error' => 0,
    'size' => 5649899,
  ),
)
push_token ----- array (
  'useridx' => '69',
)
push_token ----- array (
  'thum' => 
  array (
    'name' => 'android.graphics.Bitmap@3fa80a7.jpg',
    'type' => 'image/*',
    'tmp_name' => '/tmp/php9FQRD7',
    'error' => 0,
    'size' => 115546,
  ),
  'video' => 
  array (
    'name' => 'pig.mp4',
    'type' => 'video/*',
    'tmp_name' => '/tmp/phpYLBJMy',
    'error' => 0,
    'size' => 5649899,
  ),
)
push_token ----- array (
)
push_token ----- array (
)
push_token ----- array (
)
push_token ----- array (
)
push_token ----- array (
)
push_token ----- array (
)
push_token ----- array (
  'useridx' => '69',
)
push_token ----- array (
  'thum' => 
  array (
    'name' => 'android.graphics.Bitmap@8aae28e.jpg',
    'type' => 'image/*',
    'tmp_name' => '/tmp/php4kjuzv',
    'error' => 0,
    'size' => 115546,
  ),
  'video' => 
  array (
    'name' => 'pig.mp4',
    'type' => 'video/*',
    'tmp_name' => '/tmp/phpqhHV5u',
    'error' => 0,
    'size' => 5649899,
  ),
)
push_token ----- array (
)
push_token ----- array (
)
push_token ----- array (
  'useridx' => '69',
)
push_token ----- array (
  'thum' => 
  array (
    'name' => 'android.graphics.Bitmap@b29e1ea.jpg',
    'type' => 'image/*',
    'tmp_name' => '/tmp/phpMrgnx7',
    'error' => 0,
    'size' => 115546,
  ),
  'video' => 
  array (
    'name' => 'pig.mp4',
    'type' => 'video/*',
    'tmp_name' => '/tmp/phpY5VIfn',
    'error' => 0,
    'size' => 5649899,
  ),
)
push_token ----- array (
)
push_token ----- array (
)
push_token ----- array (
)
push_token ----- array (
)
push_token ----- array (
)
push_token ----- array (
)
push_token ----- array (
)
push_token ----- array (
)
push_token ----- array (
  'useridx' => '69',
)
push_token ----- array (
  'thum' => 
  array (
    'name' => 'android.graphics.Bitmap@9db0b3e.jpg',
    'type' => 'image/*',
    'tmp_name' => '/tmp/phpdYBNwq',
    'error' => 0,
    'size' => 115546,
  ),
  'video' => 
  array (
    'name' => 'pig.mp4',
    'type' => 'video/*',
    'tmp_name' => '/tmp/phpEMlIOP',
    'error' => 0,
    'size' => 5649899,
  ),
)
push_token ----- array (
)
push_token ----- array (
)
push_token ----- array (
  'useridx' => '69',
)
push_token ----- array (
  'thum' => 
  array (
    'name' => 'android.graphics.Bitmap@f291274.jpg',
    'type' => 'image/*',
    'tmp_name' => '/tmp/php0pQf6g',
    'error' => 0,
    'size' => 54178,
  ),
  'video' => 
  array (
    'name' => 'pig.mp4',
    'type' => 'video/*',
    'tmp_name' => '/tmp/phpsmxiER',
    'error' => 0,
    'size' => 5649899,
  ),
)
push_token ----- array (
  'useridx' => '64',
)
push_token ----- array (
  'thum' => 
  array (
    'name' => 'android.graphics.Bitmap@3042adb.jpg',
    'type' => 'image/*',
    'tmp_name' => '/tmp/phpF8tJ6p',
    'error' => 0,
    'size' => 118980,
  ),
  'video' => 
  array (
    'name' => '20221129_161659.mp4',
    'type' => 'video/*',
    'tmp_name' => '/tmp/php8V4MJ9',
    'error' => 0,
    'size' => 745993,
  ),
)
push_token ----- array (
)
push_token ----- array (
)
push_token ----- array (
  'useridx' => '64',
)
push_token ----- array (
  'thum' => 
  array (
    'name' => 'android.graphics.Bitmap@b4bb60e.jpg',
    'type' => 'image/*',
    'tmp_name' => '/tmp/phpGumnQD',
    'error' => 0,
    'size' => 32060,
  ),
  'video' => 
  array (
    'name' => 'Screen_Recording_20221110-152839.mp4',
    'type' => 'video/*',
    'tmp_name' => '/tmp/phpw6Rl6A',
    'error' => 0,
    'size' => 7118037,
  ),
)
push_token ----- array (
  'useridx' => '64',
)
push_token ----- array (
  'thum' => 
  array (
    'name' => 'android.graphics.Bitmap@9b1948.jpg',
    'type' => 'image/*',
    'tmp_name' => '/tmp/phpYIfOgr',
    'error' => 0,
    'size' => 68219,
  ),
  'video' => 
  array (
    'name' => 'Screen_Recording_20211123-170101.mp4',
    'type' => 'video/*',
    'tmp_name' => '/tmp/php0NSEvh',
    'error' => 0,
    'size' => 5464729,
  ),
)
push_token ----- array (
  'useridx' => '64',
)
push_token ----- array (
  'thum' => 
  array (
    'name' => 'android.graphics.Bitmap@7a9f228.jpg',
    'type' => 'image/*',
    'tmp_name' => '/tmp/phpVj3Viz',
    'error' => 0,
    'size' => 32060,
  ),
  'video' => 
  array (
    'name' => 'Screen_Recording_20221110-152839.mp4',
    'type' => 'video/*',
    'tmp_name' => '/tmp/phpKnZR1r',
    'error' => 0,
    'size' => 7118037,
  ),
)
push_token ----- array (
)
push_token ----- array (
)
push_token ----- array (
)
push_token ----- array (
)
push_token ----- array (
  'useridx' => '64',
)
push_token ----- array (
  'thum' => 
  array (
    'name' => 'android.graphics.Bitmap@b724dd0.jpg',
    'type' => 'image/*',
    'tmp_name' => '/tmp/php2CKJjj',
    'error' => 0,
    'size' => 118980,
  ),
  'video' => 
  array (
    'name' => '20221129_161659.mp4',
    'type' => 'video/*',
    'tmp_name' => '/tmp/phpMmXh9V',
    'error' => 0,
    'size' => 745993,
  ),
)
push_token ----- array (
  'useridx' => '64',
)
push_token ----- array (
  'thum' => 
  array (
    'name' => 'android.graphics.Bitmap@7e59ec1.jpg',
    'type' => 'image/*',
    'tmp_name' => '/tmp/phpj4uLML',
    'error' => 0,
    'size' => 118980,
  ),
  'video' => 
  array (
    'name' => '20221129_161659.mp4',
    'type' => 'video/*',
    'tmp_name' => '/tmp/php0wj33Q',
    'error' => 0,
    'size' => 745993,
  ),
)
push_token ----- array (
  'useridx' => '64',
)
push_token ----- array (
  'thum' => 
  array (
    'name' => 'android.graphics.Bitmap@63d1110.jpg',
    'type' => 'image/*',
    'tmp_name' => '/tmp/phpxrJqOV',
    'error' => 0,
    'size' => 118980,
  ),
  'video' => 
  array (
    'name' => '20221129_161659.mp4',
    'type' => 'video/*',
    'tmp_name' => '/tmp/phpa1jA7a',
    'error' => 0,
    'size' => 745993,
  ),
)
push_token ----- array (
)
push_token ----- array (
)
push_token ----- array (
  'useridx' => '64',
)
push_token ----- array (
  'thum' => 
  array (
    'name' => 'android.graphics.Bitmap@f13487c.jpg',
    'type' => 'image/*',
    'tmp_name' => '/tmp/phpEHBHGM',
    'error' => 0,
    'size' => 32060,
  ),
  'video' => 
  array (
    'name' => 'Screen_Recording_20221110-152839.mp4',
    'type' => 'video/*',
    'tmp_name' => '/tmp/phpi68lOS',
    'error' => 0,
    'size' => 7118037,
  ),
)
push_token ----- array (
  'useridx' => '64',
)
push_token ----- array (
  'thum' => 
  array (
    'name' => 'android.graphics.Bitmap@2b6e84b.jpg',
    'type' => 'image/*',
    'tmp_name' => '/tmp/php51CgHk',
    'error' => 0,
    'size' => 32060,
  ),
  'video' => 
  array (
    'name' => 'Screen_Recording_20221110-152839.mp4',
    'type' => 'video/*',
    'tmp_name' => '/tmp/php2MogOY',
    'error' => 0,
    'size' => 7118037,
  ),
)
push_token ----- array (
  'useridx' => '64',
)
push_token ----- array (
  'thum' => 
  array (
    'name' => 'android.graphics.Bitmap@2b6e84b.jpg',
    'type' => 'image/*',
    'tmp_name' => '/tmp/phpz4SzvI',
    'error' => 0,
    'size' => 118980,
  ),
  'video' => 
  array (
    'name' => '20221129_161659.mp4',
    'type' => 'video/*',
    'tmp_name' => '/tmp/phpCq7Dqh',
    'error' => 0,
    'size' => 745993,
  ),
)
push_token ----- array (
  'useridx' => '64',
)
push_token ----- array (
  'thum' => 
  array (
    'name' => 'android.graphics.Bitmap@a9341aa.jpg',
    'type' => 'image/*',
    'tmp_name' => '/tmp/phpdms45n',
    'error' => 0,
    'size' => 118980,
  ),
  'video' => 
  array (
    'name' => '20221129_161659.mp4',
    'type' => 'video/*',
    'tmp_name' => '/tmp/phpAMSVgV',
    'error' => 0,
    'size' => 745993,
  ),
)
push_token ----- array (
)
push_token ----- array (
)
push_token ----- array (
)
push_token ----- array (
)
push_token ----- array (
)
push_token ----- array (
)
push_token ----- array (
  'useridx' => '64',
)
push_token ----- array (
  'thum' => 
  array (
    'name' => 'android.graphics.Bitmap@99e9ad7.jpg',
    'type' => 'image/*',
    'tmp_name' => '/tmp/php9lGIlZ',
    'error' => 0,
    'size' => 118980,
  ),
  'video' => 
  array (
    'name' => '20221129_161659.mp4',
    'type' => 'video/*',
    'tmp_name' => '/tmp/phpiuChPw',
    'error' => 0,
    'size' => 745993,
  ),
)
push_token ----- array (
)
push_token ----- array (
)
push_token ----- array (
  'useridx' => '64',
)
push_token ----- array (
  'thum' => 
  array (
    'name' => 'android.graphics.Bitmap@8189f64.jpg',
    'type' => 'image/*',
    'tmp_name' => '/tmp/phpj2avO6',
    'error' => 0,
    'size' => 44941,
  ),
  'video' => 
  array (
    'name' => 'mobizen_20220914_104627.mp4',
    'type' => 'video/*',
    'tmp_name' => '/tmp/phpCRN4hW',
    'error' => 0,
    'size' => 4085105,
  ),
)
push_token ----- array (
  'useridx' => '64',
)
push_token ----- array (
  'thum' => 
  array (
    'name' => 'android.graphics.Bitmap@292f3ae.jpg',
    'type' => 'image/*',
    'tmp_name' => '/tmp/phpjoGBy8',
    'error' => 0,
    'size' => 118980,
  ),
  'video' => 
  array (
    'name' => '20221129_161659.mp4',
    'type' => 'video/*',
    'tmp_name' => '/tmp/phpofYKFA',
    'error' => 0,
    'size' => 745993,
  ),
)
push_token ----- array (
  'useridx' => '64',
)
push_token ----- array (
  'thum' => 
  array (
    'name' => 'android.graphics.Bitmap@d88f82f.jpg',
    'type' => 'image/*',
    'tmp_name' => '/tmp/phplTxhI4',
    'error' => 0,
    'size' => 118980,
  ),
  'video' => 
  array (
    'name' => '20221129_161659.mp4',
    'type' => 'video/*',
    'tmp_name' => '/tmp/phpeRbRZs',
    'error' => 0,
    'size' => 745993,
  ),
)
push_token ----- array (
  'useridx' => '64',
)
push_token ----- array (
  'thum' => 
  array (
    'name' => 'android.graphics.Bitmap@a487f17.jpg',
    'type' => 'image/*',
    'tmp_name' => '/tmp/phpzuLmr7',
    'error' => 0,
    'size' => 118980,
  ),
  'video' => 
  array (
    'name' => '20221129_161659.mp4',
    'type' => 'video/*',
    'tmp_name' => '/tmp/phpeZO41L',
    'error' => 0,
    'size' => 745993,
  ),
)
push_token ----- array (
  'useridx' => '64',
)
push_token ----- array (
  'thum' => 
  array (
    'name' => 'android.graphics.Bitmap@a487f17.jpg',
    'type' => 'image/*',
    'tmp_name' => '/tmp/phpn7GwEa',
    'error' => 0,
    'size' => 118980,
  ),
  'video' => 
  array (
    'name' => '20221129_161659.mp4',
    'type' => 'video/*',
    'tmp_name' => '/tmp/php8CAQ9o',
    'error' => 0,
    'size' => 745993,
  ),
)
push_token ----- array (
  'useridx' => '64',
)
push_token ----- array (
  'thum' => 
  array (
    'name' => 'android.graphics.Bitmap@e11251a.jpg',
    'type' => 'image/*',
    'tmp_name' => '/tmp/phpaDWpOJ',
    'error' => 0,
    'size' => 118980,
  ),
  'video' => 
  array (
    'name' => '20221129_161659.mp4',
    'type' => 'video/*',
    'tmp_name' => '/tmp/phpCO5A6M',
    'error' => 0,
    'size' => 745993,
  ),
)
push_token ----- array (
  'useridx' => '64',
)
push_token ----- array (
  'thum' => 
  array (
    'name' => 'limeade.jpeg',
    'type' => 'image/jpeg',
    'tmp_name' => '/tmp/phpnilLc8',
    'error' => 0,
    'size' => 358657,
  ),
  'video' => 
  array (
    'name' => 'pig.mp4',
    'type' => 'video/mp4',
    'tmp_name' => '/tmp/phpWgAuzu',
    'error' => 0,
    'size' => 5649899,
  ),
)
push_token ----- array (
  'useridx' => '64',
)
push_token ----- array (
  'thum' => 
  array (
    'name' => 'android.graphics.Bitmap@8cbf5b3.jpg',
    'type' => 'image/*',
    'tmp_name' => '/tmp/phpCxlMMx',
    'error' => 0,
    'size' => 118980,
  ),
  'video' => 
  array (
    'name' => '20221129_161659.mp4',
    'type' => 'video/*',
    'tmp_name' => '/tmp/phpi3IA5o',
    'error' => 0,
    'size' => 745993,
  ),
)
push_token ----- array (
  'useridx' => '64',
)
push_token ----- array (
  'thum' => 
  array (
    'name' => 'android.graphics.Bitmap@8cbf5b3.jpg',
    'type' => 'image/*',
    'tmp_name' => '/tmp/php535NL0',
    'error' => 0,
    'size' => 118980,
  ),
  'video' => 
  array (
    'name' => '20221129_161659.mp4',
    'type' => 'video/*',
    'tmp_name' => '/tmp/phpquZt3k',
    'error' => 0,
    'size' => 745993,
  ),
)
push_token ----- array (
  'useridx' => '64',
)
push_token ----- array (
  'thum' => 
  array (
    'name' => 'android.graphics.Bitmap@8cbf5b3.jpg',
    'type' => 'image/*',
    'tmp_name' => '/tmp/phppLHvMQ',
    'error' => 0,
    'size' => 118980,
  ),
  'video' => 
  array (
    'name' => '20221129_161659.mp4',
    'type' => 'video/*',
    'tmp_name' => '/tmp/phpc8Ic40',
    'error' => 0,
    'size' => 745993,
  ),
)
push_token ----- array (
  'useridx' => '64',
)
push_token ----- array (
  'thum' => 
  array (
    'name' => 'android.graphics.Bitmap@d89be27.jpg',
    'type' => 'image/*',
    'tmp_name' => '/tmp/phpoAwI7G',
    'error' => 0,
    'size' => 118980,
  ),
  'video' => 
  array (
    'name' => '20221129_161659.mp4',
    'type' => 'video/*',
    'tmp_name' => '/tmp/phpSHtlhZ',
    'error' => 0,
    'size' => 745993,
  ),
)
push_token ----- array (
  'useridx' => '64',
)
push_token ----- array (
  'thum' => 
  array (
    'name' => 'android.graphics.Bitmap@cea6edd.jpg',
    'type' => 'image/*',
    'tmp_name' => '/tmp/phphleiyI',
    'error' => 0,
    'size' => 44941,
  ),
  'video' => 
  array (
    'name' => 'mobizen_20220914_104627.mp4',
    'type' => 'video/*',
    'tmp_name' => '/tmp/phpGeho85',
    'error' => 0,
    'size' => 4085105,
  ),
)
push_token ----- array (
  'useridx' => '64',
)
push_token ----- array (
  'thum' => 
  array (
    'name' => 'android.graphics.Bitmap@cea6edd.jpg',
    'type' => 'image/*',
    'tmp_name' => '/tmp/phpFdoIwZ',
    'error' => 0,
    'size' => 44941,
  ),
  'video' => 
  array (
    'name' => '20221129_161659.mp4',
    'type' => 'video/*',
    'tmp_name' => '/tmp/phpan1Nwi',
    'error' => 0,
    'size' => 745993,
  ),
)
push_token ----- array (
  'useridx' => '64',
)
push_token ----- array (
  'thum' => 
  array (
    'name' => 'android.graphics.Bitmap@b1ad9a1.jpg',
    'type' => 'image/*',
    'tmp_name' => '/tmp/phpFoRDBu',
    'error' => 0,
    'size' => 118980,
  ),
  'video' => 
  array (
    'name' => '20221129_161659.mp4',
    'type' => 'video/*',
    'tmp_name' => '/tmp/phpILnNIi',
    'error' => 0,
    'size' => 745993,
  ),
)
push_token ----- array (
  'useridx' => '64',
)
push_token ----- array (
  'thum' => 
  array (
    'name' => 'android.graphics.Bitmap@7b6ad49.jpg',
    'type' => 'image/*',
    'tmp_name' => '/tmp/phpzBWZac',
    'error' => 0,
    'size' => 44941,
  ),
  'video' => 
  array (
    'name' => 'mobizen_20220914_104627.mp4',
    'type' => 'video/*',
    'tmp_name' => '/tmp/phpqJplU5',
    'error' => 0,
    'size' => 4085105,
  ),
)
push_token ----- array (
  'useridx' => '64',
)
push_token ----- array (
  'thum' => 
  array (
    'name' => 'android.graphics.Bitmap@7b6ad49.jpg',
    'type' => 'image/*',
    'tmp_name' => '/tmp/phpPeosKE',
    'error' => 0,
    'size' => 44941,
  ),
  'video' => 
  array (
    'name' => '20221129_161659.mp4',
    'type' => 'video/*',
    'tmp_name' => '/tmp/php46sfYI',
    'error' => 0,
    'size' => 745993,
  ),
)
push_token ----- array (
  'useridx' => '64',
)
push_token ----- array (
  'thum' => 
  array (
    'name' => 'android.graphics.Bitmap@1564938.jpg',
    'type' => 'image/*',
    'tmp_name' => '/tmp/phpQ9r52z',
    'error' => 0,
    'size' => 44941,
  ),
  'video' => 
  array (
    'name' => 'mobizen_20220914_104627.mp4',
    'type' => 'video/*',
    'tmp_name' => '/tmp/phpaAJk5m',
    'error' => 0,
    'size' => 4085105,
  ),
)
push_token ----- array (
  'useridx' => '64',
)
push_token ----- array (
  'thum' => 
  array (
    'name' => 'android.graphics.Bitmap@21427c5.jpg',
    'type' => 'image/*',
    'tmp_name' => '/tmp/phpXpCshN',
    'error' => 0,
    'size' => 32060,
  ),
  'video' => 
  array (
    'name' => 'Screen_Recording_20221110-152839.mp4',
    'type' => 'video/*',
    'tmp_name' => '/tmp/phpkFZlER',
    'error' => 0,
    'size' => 7118037,
  ),
)
push_token ----- array (
)
push_token ----- array (
)
push_token ----- array (
  'useridx' => '64',
)
push_token ----- array (
  'thum' => 
  array (
    'name' => 'android.graphics.Bitmap@812c126.jpg',
    'type' => 'image/*',
    'tmp_name' => '/tmp/phpm1x95l',
    'error' => 0,
    'size' => 118980,
  ),
  'video' => 
  array (
    'name' => '20221129_161659.mp4',
    'type' => 'video/*',
    'tmp_name' => '/tmp/phpuCytI1',
    'error' => 0,
    'size' => 745993,
  ),
)
push_token ----- array (
  'useridx' => '64',
)
push_token ----- array (
  'thum' => 
  array (
    'name' => 'android.graphics.Bitmap@812c126.jpg',
    'type' => 'image/*',
    'tmp_name' => '/tmp/php1AY69M',
    'error' => 0,
    'size' => 118980,
  ),
  'video' => 
  array (
    'name' => '20221129_161659.mp4',
    'type' => 'video/*',
    'tmp_name' => '/tmp/phpiZgnoz',
    'error' => 0,
    'size' => 745993,
  ),
)
push_token ----- array (
  'useridx' => '64',
)
push_token ----- array (
  'thum' => 
  array (
    'name' => 'android.graphics.Bitmap@812c126.jpg',
    'type' => 'image/*',
    'tmp_name' => '/tmp/phpLZlDdC',
    'error' => 0,
    'size' => 118980,
  ),
  'video' => 
  array (
    'name' => 'mobizen_20220914_104627.mp4',
    'type' => 'video/*',
    'tmp_name' => '/tmp/php47Bwu8',
    'error' => 0,
    'size' => 4085105,
  ),
)
push_token ----- array (
  'useridx' => '64',
)
push_token ----- array (
  'thum' => 
  array (
    'name' => 'android.graphics.Bitmap@812c126.jpg',
    'type' => 'image/*',
    'tmp_name' => '/tmp/php7qOsjf',
    'error' => 0,
    'size' => 118980,
  ),
  'video' => 
  array (
    'name' => '20221129_161659.mp4',
    'type' => 'video/*',
    'tmp_name' => '/tmp/phpoq0T2b',
    'error' => 0,
    'size' => 745993,
  ),
)
push_token ----- array (
  'useridx' => '64',
)
push_token ----- array (
  'thum' => 
  array (
    'name' => 'android.graphics.Bitmap@230f19b.jpg',
    'type' => 'image/*',
    'tmp_name' => '/tmp/phpP5upaa',
    'error' => 0,
    'size' => 44941,
  ),
  'video' => 
  array (
    'name' => 'mobizen_20220914_104627.mp4',
    'type' => 'video/*',
    'tmp_name' => '/tmp/phpW43RPP',
    'error' => 0,
    'size' => 4085105,
  ),
)
push_token ----- array (
  'useridx' => '64',
)
push_token ----- array (
  'thum' => 
  array (
    'name' => 'android.graphics.Bitmap@405840d.jpg',
    'type' => 'image/*',
    'tmp_name' => '/tmp/phply7RLo',
    'error' => 0,
    'size' => 118980,
  ),
  'video' => 
  array (
    'name' => '20221129_161659.mp4',
    'type' => 'video/*',
    'tmp_name' => '/tmp/php2an6KH',
    'error' => 0,
    'size' => 745993,
  ),
)
push_token ----- array (
  'useridx' => '64',
)
push_token ----- array (
  'thum' => 
  array (
    'name' => 'android.graphics.Bitmap@3f4344c.jpg',
    'type' => 'image/*',
    'tmp_name' => '/tmp/phpDjPBLo',
    'error' => 0,
    'size' => 44941,
  ),
  'video' => 
  array (
    'name' => 'mobizen_20220914_104627.mp4',
    'type' => 'video/*',
    'tmp_name' => '/tmp/php4HTQee',
    'error' => 0,
    'size' => 4085105,
  ),
)
push_token ----- array (
  'useridx' => '64',
)
push_token ----- array (
  'thum' => 
  array (
    'name' => 'android.graphics.Bitmap@3f4344c.jpg',
    'type' => 'image/*',
    'tmp_name' => '/tmp/phpAwbdql',
    'error' => 0,
    'size' => 44941,
  ),
  'video' => 
  array (
    'name' => '20221129_161659.mp4',
    'type' => 'video/*',
    'tmp_name' => '/tmp/phpGMDvEH',
    'error' => 0,
    'size' => 745993,
  ),
)
push_token ----- array (
  'useridx' => '64',
)
push_token ----- array (
  'thum' => 
  array (
    'name' => 'android.graphics.Bitmap@abe0c7f.jpg',
    'type' => 'image/*',
    'tmp_name' => '/tmp/phphf1sdY',
    'error' => 0,
    'size' => 44941,
  ),
  'video' => 
  array (
    'name' => 'mobizen_20220914_104627.mp4',
    'type' => 'video/*',
    'tmp_name' => '/tmp/php8iJaS4',
    'error' => 0,
    'size' => 4085105,
  ),
)
push_token ----- array (
  'useridx' => '64',
)
push_token ----- array (
  'thum' => 
  array (
    'name' => 'android.graphics.Bitmap@abe0c7f.jpg',
    'type' => 'image/*',
    'tmp_name' => '/tmp/phpMW4OdQ',
    'error' => 0,
    'size' => 44941,
  ),
  'video' => 
  array (
    'name' => '20221129_161659.mp4',
    'type' => 'video/*',
    'tmp_name' => '/tmp/phpI5Wqsj',
    'error' => 0,
    'size' => 745993,
  ),
)
push_token ----- array (
  'useridx' => '64',
)
push_token ----- array (
  'thum' => 
  array (
    'name' => 'android.graphics.Bitmap@abe0c7f.jpg',
    'type' => 'image/*',
    'tmp_name' => '/tmp/phpGKSSiF',
    'error' => 0,
    'size' => 44941,
  ),
  'video' => 
  array (
    'name' => 'mobizen_20220914_104627.mp4',
    'type' => 'video/*',
    'tmp_name' => '/tmp/phpgBDo5D',
    'error' => 0,
    'size' => 4085105,
  ),
)
push_token ----- array (
  'useridx' => '64',
)
push_token ----- array (
  'thum' => 
  array (
    'name' => 'android.graphics.Bitmap@8189f64.jpg',
    'type' => 'image/*',
    'tmp_name' => '/tmp/phpXjBL36',
    'error' => 0,
    'size' => 44941,
  ),
  'video' => 
  array (
    'name' => 'mobizen_20220914_104627.mp4',
    'type' => 'video/*',
    'tmp_name' => '/tmp/phpOBnUno',
    'error' => 0,
    'size' => 4085105,
  ),
)
push_token ----- array (
  'useridx' => '64',
)
push_token ----- array (
  'thum' => 
  array (
    'name' => 'android.graphics.Bitmap@b98c09d.jpg',
    'type' => 'image/*',
    'tmp_name' => '/tmp/phpdhlXzr',
    'error' => 0,
    'size' => 32060,
  ),
  'video' => 
  array (
    'name' => 'Screen_Recording_20221110-152839.mp4',
    'type' => 'video/*',
    'tmp_name' => '/tmp/phpuyI99G',
    'error' => 0,
    'size' => 7118037,
  ),
)
push_token ----- array (
  'useridx' => '64',
)
push_token ----- array (
  'thum' => 
  array (
    'name' => 'android.graphics.Bitmap@a1a264f.jpg',
    'type' => 'image/*',
    'tmp_name' => '/tmp/phpyKIHIx',
    'error' => 0,
    'size' => 118980,
  ),
  'video' => 
  array (
    'name' => '20221129_161659.mp4',
    'type' => 'video/*',
    'tmp_name' => '/tmp/phpQPLP5L',
    'error' => 0,
    'size' => 745993,
  ),
)
push_token ----- array (
  'useridx' => '64',
)
push_token ----- array (
  'thum' => 
  array (
    'name' => 'android.graphics.Bitmap@3fa4fec.jpg',
    'type' => 'image/*',
    'tmp_name' => '/tmp/phpplJMbK',
    'error' => 0,
    'size' => 44941,
  ),
  'video' => 
  array (
    'name' => 'mobizen_20220914_104627.mp4',
    'type' => 'video/*',
    'tmp_name' => '/tmp/phpuvIVWl',
    'error' => 0,
    'size' => 4085105,
  ),
)
push_token ----- array (
  'useridx' => '64',
)
push_token ----- array (
  'thum' => 
  array (
    'name' => 'android.graphics.Bitmap@7cd9df3.jpg',
    'type' => 'image/*',
    'tmp_name' => '/tmp/php8mp3FO',
    'error' => 0,
    'size' => 44941,
  ),
  'video' => 
  array (
    'name' => 'mobizen_20220914_104627.mp4',
    'type' => 'video/*',
    'tmp_name' => '/tmp/phpgwWQOW',
    'error' => 0,
    'size' => 4085105,
  ),
)
push_token ----- array (
)
push_token ----- array (
)
push_token ----- array (
)
push_token ----- array (
)
push_token ----- array (
)
push_token ----- array (
)
push_token ----- array (
  'useridx' => '64',
)
push_token ----- array (
)
push_token ----- array (
)
push_token ----- array (
)
push_token ----- array (
)
push_token ----- array (
)
push_token ----- array (
)
push_token ----- array (
)
push_token ----- array (
)
push_token ----- array (
)
push_token ----- array (
)
push_token ----- array (
)
push_token ----- array (
)
push_token ----- array (
)
push_token ----- array (
  'useridx' => '64',
)
push_token ----- array (
  'thum' => 
  array (
    'name' => 'android.graphics.Bitmap@f283490.jpg',
    'type' => 'image/*',
    'tmp_name' => '/tmp/phpTMx67u',
    'error' => 0,
    'size' => 43047,
  ),
  'video' => 
  array (
    'name' => 'mobizen_20210709_105029.mp4',
    'type' => 'video/*',
    'tmp_name' => '/tmp/phpKidAnE',
    'error' => 0,
    'size' => 7586125,
  ),
)
push_token ----- array (
)
push_token ----- array (
)
push_token ----- array (
  'useridx' => '64',
)
push_token ----- array (
  'thum' => 
  array (
    'name' => 'android.graphics.Bitmap@6e4c002.jpg',
    'type' => 'image/*',
    'tmp_name' => '/tmp/phpTGjVsE',
    'error' => 0,
    'size' => 43047,
  ),
  'video' => 
  array (
    'name' => 'mobizen_20210709_105029.mp4',
    'type' => 'video/*',
    'tmp_name' => '/tmp/phpa8qgCE',
    'error' => 0,
    'size' => 7586125,
  ),
)
push_token ----- array (
)
push_token ----- array (
)
push_token ----- array (
)
push_token ----- array (
)
push_token ----- array (
)
push_token ----- array (
)
push_token ----- array (
)
push_token ----- array (
)
push_token ----- array (
)
push_token ----- array (
)
push_token ----- array (
)
push_token ----- array (
)
push_token ----- array (
)
push_token ----- array (
)
push_token ----- array (
  'useridx' => '64',
)
push_token ----- array (
  'thum' => 
  array (
    'name' => 'android.graphics.Bitmap@533f276.jpg',
    'type' => 'image/*',
    'tmp_name' => '/tmp/phpab3gy6',
    'error' => 0,
    'size' => 43047,
  ),
  'video' => 
  array (
    'name' => 'mobizen_20210709_105029.mp4',
    'type' => 'video/*',
    'tmp_name' => '/tmp/phpqdhoxw',
    'error' => 0,
    'size' => 7586125,
  ),
)
push_token ----- array (
)
push_token ----- array (
)
push_token ----- array (
)
push_token ----- array (
)
push_token ----- array (
)
push_token ----- array (
)
push_token ----- array (
  'useridx' => '64',
)
push_token ----- array (
  'thum' => 
  array (
    'name' => 'android.graphics.Bitmap@f6ee76f.jpg',
    'type' => 'image/*',
    'tmp_name' => '/tmp/phpll2UMS',
    'error' => 0,
    'size' => 43047,
  ),
  'video' => 
  array (
    'name' => 'mobizen_20210709_105029.mp4',
    'type' => 'video/*',
    'tmp_name' => '/tmp/phpIe1a24',
    'error' => 0,
    'size' => 7586125,
  ),
)
push_token ----- array (
  'useridx' => '64',
)
push_token ----- array (
  'thum' => 
  array (
    'name' => 'android.graphics.Bitmap@63bca97.jpg',
    'type' => 'image/*',
    'tmp_name' => '/tmp/phphiYYyg',
    'error' => 0,
    'size' => 94542,
  ),
  'video' => 
  array (
    'name' => '20221130_162815.mp4',
    'type' => 'video/*',
    'tmp_name' => '/tmp/phpKDzo1i',
    'error' => 0,
    'size' => 8093034,
  ),
)
push_token ----- array (
  'useridx' => '64',
)
push_token ----- array (
  'thum' => 
  array (
    'name' => 'android.graphics.Bitmap@7cd9df3.jpg',
    'type' => 'image/*',
    'tmp_name' => '/tmp/phpgkNhXv',
    'error' => 0,
    'size' => 43674,
  ),
  'video' => 
  array (
    'name' => '급여내역_항목삭제팝업 오류.mp4',
    'type' => 'video/*',
    'tmp_name' => '/tmp/phpwgrFsv',
    'error' => 0,
    'size' => 6555224,
  ),
)
push_token ----- array (
)
push_token ----- array (
)
push_token ----- array (
  'useridx' => '64',
)
push_token ----- array (
)
push_token ----- array (
)
push_token ----- array (
)
push_token ----- array (
)
push_token ----- array (
)
push_token ----- array (
)
push_token ----- array (
)
push_token ----- array (
)
push_token ----- array (
)
push_token ----- array (
)
push_token ----- array (
)
push_token ----- array (
)
push_token ----- array (
)
push_token ----- array (
)
push_token ----- array (
)
push_token ----- array (
)
push_token ----- array (
)
push_token ----- array (
  'useridx' => '64',
)
push_token ----- array (
  'thum' => 
  array (
    'name' => 'android.graphics.Bitmap@8a9aba9.jpg',
    'type' => 'image/*',
    'tmp_name' => '/tmp/phpFMoOcM',
    'error' => 0,
    'size' => 118980,
  ),
  'video' => 
  array (
    'name' => '20221129_161659.mp4',
    'type' => 'video/*',
    'tmp_name' => '/tmp/phpgNDr2C',
    'error' => 0,
    'size' => 745993,
  ),
)
push_token ----- array (
  'useridx' => '64',
)
push_token ----- array (
  'thum' => 
  array (
    'name' => 'android.graphics.Bitmap@f5d374b.jpg',
    'type' => 'image/*',
    'tmp_name' => '/tmp/phpLprEU4',
    'error' => 0,
    'size' => 103450,
  ),
  'video' => 
  array (
    'name' => '20221201_094604.mp4',
    'type' => 'video/*',
    'tmp_name' => '/tmp/phpznZjmi',
    'error' => 0,
    'size' => 12798572,
  ),
)
push_token ----- array (
  'useridx' => '64',
)
push_token ----- array (
  'thum' => 
  array (
    'name' => 'android.graphics.Bitmap@f5d374b.jpg',
    'type' => 'image/*',
    'tmp_name' => '/tmp/phpgelG8d',
    'error' => 0,
    'size' => 91266,
  ),
  'video' => 
  array (
    'name' => '20221201_095131.mp4',
    'type' => 'video/*',
    'tmp_name' => '/tmp/php7poUNA',
    'error' => 0,
    'size' => 65800101,
  ),
)
push_token ----- array (
  'useridx' => '64',
)
push_token ----- array (
  'thum' => 
  array (
    'name' => 'android.graphics.Bitmap@8c89521.jpg',
    'type' => 'image/*',
    'tmp_name' => '/tmp/phpLKgQBx',
    'error' => 0,
    'size' => 130317,
  ),
  'video' => 
  array (
    'name' => '20221201_095606.mp4',
    'type' => 'video/*',
    'tmp_name' => '/tmp/phpR33QLd',
    'error' => 0,
    'size' => 28355155,
  ),
)
push_token ----- array (
  'useridx' => '64',
)
push_token ----- array (
  'thum' => 
  array (
    'name' => 'android.graphics.Bitmap@b081ec5.jpg',
    'type' => 'image/*',
    'tmp_name' => '/tmp/phpr6s8ej',
    'error' => 0,
    'size' => 91266,
  ),
  'video' => 
  array (
    'name' => '20221201_095131.mp4',
    'type' => 'video/*',
    'tmp_name' => '/tmp/phpCe8l33',
    'error' => 0,
    'size' => 65800101,
  ),
)
push_token ----- array (
  'useridx' => '64',
)
push_token ----- array (
  'thum' => 
  array (
    'name' => 'android.graphics.Bitmap@72c75cc.jpg',
    'type' => 'image/*',
    'tmp_name' => '/tmp/phpDvCywo',
    'error' => 0,
    'size' => 91266,
  ),
  'video' => 
  array (
    'name' => '20221201_095131.mp4',
    'type' => 'video/*',
    'tmp_name' => '/tmp/phpIUxJEe',
    'error' => 0,
    'size' => 65800101,
  ),
)
push_token ----- array (
  'useridx' => '64',
)
push_token ----- array (
  'thum' => 
  array (
    'name' => 'android.graphics.Bitmap@665db09.jpg',
    'type' => 'image/*',
    'tmp_name' => '/tmp/php8jfGzq',
    'error' => 0,
    'size' => 44941,
  ),
  'video' => 
  array (
    'name' => 'mobizen_20220914_104627.mp4',
    'type' => 'video/*',
    'tmp_name' => '/tmp/phpy3BRLi',
    'error' => 0,
    'size' => 4085105,
  ),
)
push_token ----- array (
  'useridx' => '64',
)
push_token ----- array (
  'thum' => 
  array (
    'name' => 'android.graphics.Bitmap@82653e6.jpg',
    'type' => 'image/*',
    'tmp_name' => '/tmp/php5A9WVw',
    'error' => 0,
    'size' => 44941,
  ),
  'video' => 
  array (
    'name' => 'mobizen_20220914_104627.mp4',
    'type' => 'video/*',
    'tmp_name' => '/tmp/phpKKq8pv',
    'error' => 0,
    'size' => 4085105,
  ),
)
push_token ----- array (
  'useridx' => '64',
)
push_token ----- array (
  'thum' => 
  array (
    'name' => 'android.graphics.Bitmap@d33501a.jpg',
    'type' => 'image/*',
    'tmp_name' => '/tmp/phpk4T7aA',
    'error' => 0,
    'size' => 42637,
  ),
  'video' => 
  array (
    'name' => '직원선택 오류.mp4',
    'type' => 'video/*',
    'tmp_name' => '/tmp/phpUJkYUB',
    'error' => 0,
    'size' => 6240260,
  ),
)
push_token ----- array (
  'useridx' => '64',
)
push_token ----- array (
  'thum' => 
  array (
    'name' => 'android.graphics.Bitmap@a395410.jpg',
    'type' => 'image/*',
    'tmp_name' => '/tmp/phpFLcX2u',
    'error' => 0,
    'size' => 130317,
  ),
  'video' => 
  array (
    'name' => '20221201_095606.mp4',
    'type' => 'video/*',
    'tmp_name' => '/tmp/phpm7yWIr',
    'error' => 0,
    'size' => 28355155,
  ),
)
push_token ----- array (
  'useridx' => '64',
)
push_token ----- array (
  'thum' => 
  array (
    'name' => 'android.graphics.Bitmap@8b9528.jpg',
    'type' => 'image/*',
    'tmp_name' => '/tmp/phpIxfHH5',
    'error' => 0,
    'size' => 44941,
  ),
  'video' => 
  array (
    'name' => 'mobizen_20220914_104627.mp4',
    'type' => 'video/*',
    'tmp_name' => '/tmp/phpS4VhXC',
    'error' => 0,
    'size' => 4085105,
  ),
)
push_token ----- array (
  'useridx' => '64',
)
push_token ----- array (
  'thum' => 
  array (
    'name' => 'android.graphics.Bitmap@ff3c872.jpg',
    'type' => 'image/*',
    'tmp_name' => '/tmp/phpvewek8',
    'error' => 0,
    'size' => 44941,
  ),
  'video' => 
  array (
    'name' => 'mobizen_20220914_104627.mp4',
    'type' => 'video/*',
    'tmp_name' => '/tmp/phpGAwfcI',
    'error' => 0,
    'size' => 4085105,
  ),
)
push_token ----- array (
  'useridx' => '64',
)
push_token ----- array (
  'thum' => 
  array (
    'name' => 'android.graphics.Bitmap@411310e.jpg',
    'type' => 'image/*',
    'tmp_name' => '/tmp/phpqQSe7o',
    'error' => 0,
    'size' => 44941,
  ),
  'video' => 
  array (
    'name' => 'mobizen_20220914_104627.mp4',
    'type' => 'video/*',
    'tmp_name' => '/tmp/php2dzELf',
    'error' => 0,
    'size' => 4085105,
  ),
)
push_token ----- array (
  'useridx' => '64',
)
push_token ----- array (
  'thum' => 
  array (
    'name' => 'android.graphics.Bitmap@411310e.jpg',
    'type' => 'image/*',
    'tmp_name' => '/tmp/phpNr2xiJ',
    'error' => 0,
    'size' => 44941,
  ),
  'video' => 
  array (
    'name' => 'mobizen_20220914_104627.mp4',
    'type' => 'video/*',
    'tmp_name' => '/tmp/phpsg2T9T',
    'error' => 0,
    'size' => 4085105,
  ),
)
push_token ----- array (
  'useridx' => '64',
)
push_token ----- array (
  'thum' => 
  array (
    'name' => 'android.graphics.Bitmap@411310e.jpg',
    'type' => 'image/*',
    'tmp_name' => '/tmp/phpU9oqfl',
    'error' => 0,
    'size' => 44941,
  ),
  'video' => 
  array (
    'name' => 'mobizen_20220914_104627.mp4',
    'type' => 'video/*',
    'tmp_name' => '/tmp/phpI2MJB3',
    'error' => 0,
    'size' => 4085105,
  ),
)
push_token ----- array (
  'useridx' => '64',
)
push_token ----- array (
  'thum' => 
  array (
    'name' => 'android.graphics.Bitmap@25bf655.jpg',
    'type' => 'image/*',
    'tmp_name' => '/tmp/phpuHB1A5',
    'error' => 0,
    'size' => 44941,
  ),
  'video' => 
  array (
    'name' => 'mobizen_20220914_104627.mp4',
    'type' => 'video/*',
    'tmp_name' => '/tmp/phpKyZelz',
    'error' => 0,
    'size' => 4085105,
  ),
)
push_token ----- array (
  'useridx' => '64',
)
push_token ----- array (
  'thum' => 
  array (
    'name' => 'android.graphics.Bitmap@d4c7bc4.jpg',
    'type' => 'image/*',
    'tmp_name' => '/tmp/phpoC646n',
    'error' => 0,
    'size' => 146123,
  ),
  'video' => 
  array (
    'name' => '20221201_095507.mp4',
    'type' => 'video/*',
    'tmp_name' => '/tmp/phpyghtAt',
    'error' => 0,
    'size' => 40117384,
  ),
)
push_token ----- array (
  'useridx' => '64',
)
push_token ----- array (
  'thum' => 
  array (
    'name' => 'android.graphics.Bitmap@d4c7bc4.jpg',
    'type' => 'image/*',
    'tmp_name' => '/tmp/php1bxNKR',
    'error' => 0,
    'size' => 146123,
  ),
  'video' => 
  array (
    'name' => '20221201_095507.mp4',
    'type' => 'video/*',
    'tmp_name' => '/tmp/phpcpDkVh',
    'error' => 0,
    'size' => 40117384,
  ),
)
push_token ----- array (
  'useridx' => '64',
)
push_token ----- array (
  'thum' => 
  array (
    'name' => 'android.graphics.Bitmap@d4c7bc4.jpg',
    'type' => 'image/*',
    'tmp_name' => '/tmp/phpFTveDu',
    'error' => 0,
    'size' => 146123,
  ),
  'video' => 
  array (
    'name' => 'mobizen_20220914_104627.mp4',
    'type' => 'video/*',
    'tmp_name' => '/tmp/phpq6lVQq',
    'error' => 0,
    'size' => 4085105,
  ),
)
push_token ----- array (
  'useridx' => '1',
)
push_token ----- array (
  'thum' => 
  array (
    'name' => 'android.graphics.Bitmap@95a8fc.jpg',
    'type' => 'image/*',
    'tmp_name' => '/tmp/phpWeh4Zb',
    'error' => 0,
    'size' => 29191,
  ),
  'video' => 
  array (
    'name' => '2-2-1.mp4',
    'type' => 'video/*',
    'tmp_name' => '/tmp/php21ncyP',
    'error' => 0,
    'size' => 8934490,
  ),
)
push_token ----- array (
  'useridx' => '1',
)
push_token ----- array (
  'thum' => 
  array (
    'name' => 'android.graphics.Bitmap@6bedb29.jpg',
    'type' => 'image/*',
    'tmp_name' => '/tmp/phpbk3AKq',
    'error' => 0,
    'size' => 29191,
  ),
  'video' => 
  array (
    'name' => '2-2-1.mp4',
    'type' => 'video/*',
    'tmp_name' => '/tmp/php2TQw3i',
    'error' => 0,
    'size' => 8934490,
  ),
)
push_token ----- array (
  'useridx' => '4',
)
push_token ----- array (
  'thum' => 
  array (
    'name' => 'android.graphics.Bitmap@8c4facd.jpg',
    'type' => 'image/*',
    'tmp_name' => '/tmp/phpzCRCde',
    'error' => 0,
    'size' => 28240,
  ),
  'video' => 
  array (
    'name' => '2-2-3.mp4',
    'type' => 'video/*',
    'tmp_name' => '/tmp/phpUSSDWT',
    'error' => 0,
    'size' => 9370231,
  ),
)
push_token ----- array (
  'useridx' => '4',
)
push_token ----- array (
  'thum' => 
  array (
    'name' => 'android.graphics.Bitmap@2b50709.jpg',
    'type' => 'image/*',
    'tmp_name' => '/tmp/phprlhPkW',
    'error' => 0,
    'size' => 31556,
  ),
  'video' => 
  array (
    'name' => '2-5-4.mp4',
    'type' => 'video/*',
    'tmp_name' => '/tmp/phpIJabdk',
    'error' => 0,
    'size' => 10260652,
  ),
)
push_token ----- array (
  'useridx' => '4',
)
push_token ----- array (
  'thum' => 
  array (
    'name' => 'android.graphics.Bitmap@d1e0eb7.jpg',
    'type' => 'image/*',
    'tmp_name' => '/tmp/phpAS9QIC',
    'error' => 0,
    'size' => 47332,
  ),
  'video' => 
  array (
    'name' => '2-2-111.mp4',
    'type' => 'video/*',
    'tmp_name' => '/tmp/phpiYmV0G',
    'error' => 0,
    'size' => 9353846,
  ),
)
push_token ----- array (
  'useridx' => '4',
)
push_token ----- array (
  'thum' => 
  array (
    'name' => 'android.graphics.Bitmap@ba587a8.jpg',
    'type' => 'image/*',
    'tmp_name' => '/tmp/phpcE2UUJ',
    'error' => 0,
    'size' => 28133,
  ),
  'video' => 
  array (
    'name' => '[mix]2-5-4.mp4',
    'type' => 'video/*',
    'tmp_name' => '/tmp/phpelT2QM',
    'error' => 0,
    'size' => 9865333,
  ),
)
push_token ----- array (
  'useridx' => '3',
)
push_token ----- array (
  'thum' => 
  array (
    'name' => 'android.graphics.Bitmap@f6e663b.jpg',
    'type' => 'image/*',
    'tmp_name' => '/tmp/phpaFcbbx',
    'error' => 0,
    'size' => 44941,
  ),
  'video' => 
  array (
    'name' => 'mobizen_20220914_104627.mp4',
    'type' => 'video/*',
    'tmp_name' => '/tmp/phpqI2JiN',
    'error' => 0,
    'size' => 4085105,
  ),
)
push_token ----- array (
  'useridx' => '8',
)
push_token ----- array (
  'thum' => 
  array (
    'name' => 'android.graphics.Bitmap@8209a29.jpg',
    'type' => 'image/*',
    'tmp_name' => '/tmp/phpJXiIRn',
    'error' => 0,
    'size' => 118247,
  ),
  'video' => 
  array (
    'name' => '20221201_095539.mp4',
    'type' => 'video/*',
    'tmp_name' => '/tmp/php2IjCEu',
    'error' => 0,
    'size' => 41243358,
  ),
)
push_token ----- array (
  'useridx' => '7',
)
push_token ----- array (
  'thum' => 
  array (
    'name' => 'android.graphics.Bitmap@6e2febe.jpg',
    'type' => 'image/*',
    'tmp_name' => '/tmp/phpBfiMpZ',
    'error' => 0,
    'size' => 63341,
  ),
  'video' => 
  array (
    'name' => 'karina.mp4',
    'type' => 'video/*',
    'tmp_name' => '/tmp/phpyoWiMH',
    'error' => 0,
    'size' => 51954626,
  ),
)
push_token ----- array (
  'useridx' => '8',
)
push_token ----- array (
  'thum' => 
  array (
    'name' => 'android.graphics.Bitmap@5acc700.jpg',
    'type' => 'image/*',
    'tmp_name' => '/tmp/phpH5aB2c',
    'error' => 0,
    'size' => 130317,
  ),
  'video' => 
  array (
    'name' => '20221201_095606.mp4',
    'type' => 'video/*',
    'tmp_name' => '/tmp/phpcrEK08',
    'error' => 0,
    'size' => 28355155,
  ),
)
push_token ----- array (
  'useridx' => '7',
)
push_token ----- array (
  'thum' => 
  array (
    'name' => 'android.graphics.Bitmap@d2a4e2d.jpg',
    'type' => 'image/*',
    'tmp_name' => '/tmp/php4GfbjZ',
    'error' => 0,
    'size' => 63341,
  ),
  'video' => 
  array (
    'name' => 'karina.mp4',
    'type' => 'video/*',
    'tmp_name' => '/tmp/phpOiFItH',
    'error' => 0,
    'size' => 51954626,
  ),
)
push_token ----- array (
  'useridx' => '8',
)
push_token ----- array (
  'thum' => 
  array (
    'name' => 'android.graphics.Bitmap@3018d19.jpg',
    'type' => 'image/*',
    'tmp_name' => '/tmp/phpxItE8A',
    'error' => 0,
    'size' => 151614,
  ),
  'video' => 
  array (
    'name' => '20221201_095204.mp4',
    'type' => 'video/*',
    'tmp_name' => '/tmp/phpgPZTpV',
    'error' => 0,
    'size' => 33697084,
  ),
)
push_token ----- array (
  'useridx' => '7',
)
push_token ----- array (
  'thum' => 
  array (
    'name' => 'android.graphics.Bitmap@fd7222b.jpg',
    'type' => 'image/*',
    'tmp_name' => '/tmp/phpKvQbsX',
    'error' => 0,
    'size' => 63341,
  ),
  'video' => 
  array (
    'name' => 'karina.mp4',
    'type' => 'video/*',
    'tmp_name' => '/tmp/phpKU1LLD',
    'error' => 0,
    'size' => 51954626,
  ),
)
push_token ----- array (
  'useridx' => '2',
)
push_token ----- array (
  'thum' => 
  array (
    'name' => 'android.graphics.Bitmap@928283c.jpg',
    'type' => 'image/*',
    'tmp_name' => '/tmp/phplysoMR',
    'error' => 0,
    'size' => 94542,
  ),
  'video' => 
  array (
    'name' => '20221130_162815.mp4',
    'type' => 'video/*',
    'tmp_name' => '/tmp/php0OW4ss',
    'error' => 0,
    'size' => 8093034,
  ),
)
push_token ----- array (
  'useridx' => '4',
)
push_token ----- array (
  'thum' => 
  array (
    'name' => 'android.graphics.Bitmap@9e8f9f3.jpg',
    'type' => 'image/*',
    'tmp_name' => '/tmp/php5EgOlM',
    'error' => 0,
    'size' => 103450,
  ),
  'video' => 
  array (
    'name' => '20221201_094604.mp4',
    'type' => 'video/*',
    'tmp_name' => '/tmp/php0OE0Jh',
    'error' => 0,
    'size' => 12798572,
  ),
)
push_token ----- array (
  'useridx' => '4',
)
push_token ----- array (
  'thum' => 
  array (
    'name' => 'android.graphics.Bitmap@5fe105.jpg',
    'type' => 'image/*',
    'tmp_name' => '/tmp/phpzMPBUW',
    'error' => 0,
    'size' => 146123,
  ),
  'video' => 
  array (
    'name' => '20221201_095507.mp4',
    'type' => 'video/*',
    'tmp_name' => '/tmp/phpumbiur',
    'error' => 0,
    'size' => 40117384,
  ),
)
push_token ----- array (
  'useridx' => '3',
)
push_token ----- array (
  'thum' => 
  array (
    'name' => 'android.graphics.Bitmap@f5ba0eb.jpg',
    'type' => 'image/*',
    'tmp_name' => '/tmp/phpPc3Qpm',
    'error' => 0,
    'size' => 92560,
  ),
  'video' => 
  array (
    'name' => '20220908_161041.mp4',
    'type' => 'video/*',
    'tmp_name' => '/tmp/phpQnu0Ir',
    'error' => 0,
    'size' => 62286286,
  ),
)
push_token ----- array (
  'useridx' => '3',
)
push_token ----- array (
  'thum' => 
  array (
    'name' => 'android.graphics.Bitmap@264d71b.jpg',
    'type' => 'image/*',
    'tmp_name' => '/tmp/phpWY43uq',
    'error' => 0,
    'size' => 92560,
  ),
  'video' => 
  array (
    'name' => '20220908_161041.mp4',
    'type' => 'video/*',
    'tmp_name' => '/tmp/php4Tr9Sz',
    'error' => 0,
    'size' => 62286286,
  ),
)
push_token ----- array (
  'useridx' => '4',
)
push_token ----- array (
  'thum' => 
  array (
    'name' => 'android.graphics.Bitmap@7c28e5b.jpg',
    'type' => 'image/*',
    'tmp_name' => '/tmp/phpk1QWqX',
    'error' => 0,
    'size' => 130317,
  ),
  'video' => 
  array (
    'name' => '20221201_095606.mp4',
    'type' => 'video/*',
    'tmp_name' => '/tmp/phpsXEHWD',
    'error' => 0,
    'size' => 28355155,
  ),
)
push_token ----- array (
  'useridx' => '3',
)
push_token ----- array (
  'thum' => 
  array (
    'name' => 'android.graphics.Bitmap@b6d9756.jpg',
    'type' => 'image/*',
    'tmp_name' => '/tmp/phpMGm2an',
    'error' => 0,
    'size' => 67904,
  ),
  'video' => 
  array (
    'name' => '20221202_162230.mp4',
    'type' => 'video/*',
    'tmp_name' => '/tmp/phpOR2eot',
    'error' => 0,
    'size' => 9529493,
  ),
)
push_token ----- array (
  'useridx' => '3',
)
push_token ----- array (
  'thum' => 
  array (
    'name' => 'android.graphics.Bitmap@7c6c356.jpg',
    'type' => 'image/*',
    'tmp_name' => '/tmp/phpi75Vxj',
    'error' => 0,
    'size' => 67904,
  ),
  'video' => 
  array (
    'name' => '20221202_162230.mp4',
    'type' => 'video/*',
    'tmp_name' => '/tmp/phpgg9zV9',
    'error' => 0,
    'size' => 9529493,
  ),
)
push_token ----- array (
  'useridx' => '5',
)
push_token ----- array (
  'thum' => 
  array (
    'name' => 'android.graphics.Bitmap@7edcd5e.jpg',
    'type' => 'image/*',
    'tmp_name' => '/tmp/phpVPEja0',
    'error' => 0,
    'size' => 32265,
  ),
  'video' => 
  array (
    'name' => 'mobizen_20220325_153723.mp4',
    'type' => 'video/*',
    'tmp_name' => '/tmp/phpCyO29I',
    'error' => 0,
    'size' => 1554367,
  ),
)
push_token ----- array (
  'useridx' => '5',
)
push_token ----- array (
  'thum' => 
  array (
    'name' => 'android.graphics.Bitmap@5027129.jpg',
    'type' => 'image/*',
    'tmp_name' => '/tmp/phpcAHn7s',
    'error' => 0,
    'size' => 30661,
  ),
  'video' => 
  array (
    'name' => 'Screen_Recording_20221202-163123_ .mp4',
    'type' => 'video/*',
    'tmp_name' => '/tmp/phpusgu3E',
    'error' => 0,
    'size' => 40403493,
  ),
)
push_token ----- array (
  'useridx' => '9',
)
push_token ----- array (
  'thum' => 
  array (
    'name' => 'android.graphics.Bitmap@4f9a3c5.jpg',
    'type' => 'image/*',
    'tmp_name' => '/tmp/phpEb7Mic',
    'error' => 0,
    'size' => 29191,
  ),
  'video' => 
  array (
    'name' => '2-2-1.mp4',
    'type' => 'video/*',
    'tmp_name' => '/tmp/phpE6T4r7',
    'error' => 0,
    'size' => 8934490,
  ),
)
push_token ----- array (
  'useridx' => '9',
)
push_token ----- array (
  'thum' => 
  array (
    'name' => 'android.graphics.Bitmap@48e6e32.jpg',
    'type' => 'image/*',
    'tmp_name' => '/tmp/phpqhNnhg',
    'error' => 0,
    'size' => 33746,
  ),
  'video' => 
  array (
    'name' => '1-3-5.mp4',
    'type' => 'video/*',
    'tmp_name' => '/tmp/phpePnzof',
    'error' => 0,
    'size' => 9248603,
  ),
)
push_token ----- array (
  'useridx' => '9',
)
push_token ----- array (
  'thum' => 
  array (
    'name' => 'android.graphics.Bitmap@8c100e5.jpg',
    'type' => 'image/*',
    'tmp_name' => '/tmp/phpNNpxe0',
    'error' => 0,
    'size' => 29191,
  ),
  'video' => 
  array (
    'name' => '2-2-1.mp4',
    'type' => 'video/*',
    'tmp_name' => '/tmp/phpBQQt09',
    'error' => 0,
    'size' => 8934490,
  ),
)
push_token ----- array (
  'useridx' => '9',
)
push_token ----- array (
  'thum' => 
  array (
    'name' => 'android.graphics.Bitmap@61cae57.jpg',
    'type' => 'image/*',
    'tmp_name' => '/tmp/php8rjuFY',
    'error' => 0,
    'size' => 29191,
  ),
  'video' => 
  array (
    'name' => '2-2-1.mp4',
    'type' => 'video/*',
    'tmp_name' => '/tmp/php9SWXj6',
    'error' => 0,
    'size' => 8934490,
  ),
)
push_token ----- array (
  'useridx' => '9',
)
push_token ----- array (
  'thum' => 
  array (
    'name' => 'android.graphics.Bitmap@6bedb29.jpg',
    'type' => 'image/*',
    'tmp_name' => '/tmp/phpzj47Rc',
    'error' => 0,
    'size' => 29191,
  ),
  'video' => 
  array (
    'name' => '2-2-1.mp4',
    'type' => 'video/*',
    'tmp_name' => '/tmp/phpX39Ino',
    'error' => 0,
    'size' => 8934490,
  ),
)
push_token ----- array (
  'useridx' => '9',
)
push_token ----- array (
  'thum' => 
  array (
    'name' => 'android.graphics.Bitmap@b47c35f.jpg',
    'type' => 'image/*',
    'tmp_name' => '/tmp/phpiAkQP3',
    'error' => 0,
    'size' => 29191,
  ),
  'video' => 
  array (
    'name' => '2-2-1.mp4',
    'type' => 'video/*',
    'tmp_name' => '/tmp/phphEvUp6',
    'error' => 0,
    'size' => 8934490,
  ),
)
push_token ----- array (
  'useridx' => '9',
)
push_token ----- array (
  'thum' => 
  array (
    'name' => 'android.graphics.Bitmap@76f5106.jpg',
    'type' => 'image/*',
    'tmp_name' => '/tmp/phpNH3a0e',
    'error' => 0,
    'size' => 27049,
  ),
  'video' => 
  array (
    'name' => '2-2-2.mp4',
    'type' => 'video/*',
    'tmp_name' => '/tmp/phpjed7ft',
    'error' => 0,
    'size' => 7762219,
  ),
)
push_token ----- array (
  'useridx' => '9',
)
push_token ----- array (
  'thum' => 
  array (
    'name' => 'android.graphics.Bitmap@6e5287f.jpg',
    'type' => 'image/*',
    'tmp_name' => '/tmp/phplbXCcD',
    'error' => 0,
    'size' => 28240,
  ),
  'video' => 
  array (
    'name' => '2-2-3.mp4',
    'type' => 'video/*',
    'tmp_name' => '/tmp/php1Niq2e',
    'error' => 0,
    'size' => 9370231,
  ),
)
push_token ----- array (
  'useridx' => '9',
)
push_token ----- array (
  'thum' => 
  array (
    'name' => 'android.graphics.Bitmap@c44f946.jpg',
    'type' => 'image/*',
    'tmp_name' => '/tmp/phpkXhGfQ',
    'error' => 0,
    'size' => 31556,
  ),
  'video' => 
  array (
    'name' => '2-5-4.mp4',
    'type' => 'video/*',
    'tmp_name' => '/tmp/phpnGsH7E',
    'error' => 0,
    'size' => 10260652,
  ),
)
push_token ----- array (
  'useridx' => '9',
)
push_token ----- array (
  'thum' => 
  array (
    'name' => 'android.graphics.Bitmap@fb5ba53.jpg',
    'type' => 'image/*',
    'tmp_name' => '/tmp/phptD0qaY',
    'error' => 0,
    'size' => 33746,
  ),
  'video' => 
  array (
    'name' => '1-3-5.mp4',
    'type' => 'video/*',
    'tmp_name' => '/tmp/phpzHZ1VU',
    'error' => 0,
    'size' => 9248603,
  ),
)
push_token ----- array (
  'useridx' => '9',
)
push_token ----- array (
  'thum' => 
  array (
    'name' => 'android.graphics.Bitmap@d4dc65a.jpg',
    'type' => 'image/*',
    'tmp_name' => '/tmp/phpti03tR',
    'error' => 0,
    'size' => 49088,
  ),
  'video' => 
  array (
    'name' => '1-4-7.mp4',
    'type' => 'video/*',
    'tmp_name' => '/tmp/php9luZCH',
    'error' => 0,
    'size' => 21440020,
  ),
)
push_token ----- array (
  'useridx' => '9',
)
push_token ----- array (
  'thum' => 
  array (
    'name' => 'android.graphics.Bitmap@796a27d.jpg',
    'type' => 'image/*',
    'tmp_name' => '/tmp/phpEspb07',
    'error' => 0,
    'size' => 50441,
  ),
  'video' => 
  array (
    'name' => '1-4-8.mp4',
    'type' => 'video/*',
    'tmp_name' => '/tmp/phpjgScGe',
    'error' => 0,
    'size' => 17721292,
  ),
)
push_token ----- array (
  'useridx' => '9',
)
push_token ----- array (
  'thum' => 
  array (
    'name' => 'android.graphics.Bitmap@4e860a9.jpg',
    'type' => 'image/*',
    'tmp_name' => '/tmp/phpZimLPS',
    'error' => 0,
    'size' => 51514,
  ),
  'video' => 
  array (
    'name' => '1-7-9.mp4',
    'type' => 'video/*',
    'tmp_name' => '/tmp/phpJv7WiK',
    'error' => 0,
    'size' => 15770506,
  ),
)
push_token ----- array (
  'useridx' => '9',
)
push_token ----- array (
  'thum' => 
  array (
    'name' => 'android.graphics.Bitmap@90a79aa.jpg',
    'type' => 'image/*',
    'tmp_name' => '/tmp/phphXBc5P',
    'error' => 0,
    'size' => 50643,
  ),
  'video' => 
  array (
    'name' => '1-6-10.mp4',
    'type' => 'video/*',
    'tmp_name' => '/tmp/phpL7uoOE',
    'error' => 0,
    'size' => 24196215,
  ),
)
push_token ----- array (
  'useridx' => '9',
)
push_token ----- array (
  'thum' => 
  array (
    'name' => 'android.graphics.Bitmap@4b21c29.jpg',
    'type' => 'image/*',
    'tmp_name' => '/tmp/phpF9wPna',
    'error' => 0,
    'size' => 81414,
  ),
  'video' => 
  array (
    'name' => '2-6-50.mp4',
    'type' => 'video/*',
    'tmp_name' => '/tmp/phpZ9J5vj',
    'error' => 0,
    'size' => 26050075,
  ),
)
push_token ----- array (
  'useridx' => '5',
)
push_token ----- array (
  'thum' => 
  array (
    'name' => 'android.graphics.Bitmap@f9c6877.jpg',
    'type' => 'image/*',
    'tmp_name' => '/tmp/phpRmR9fI',
    'error' => 0,
    'size' => 130317,
  ),
  'video' => 
  array (
    'name' => '20221201_095606.mp4',
    'type' => 'video/*',
    'tmp_name' => '/tmp/php3MBYep',
    'error' => 0,
    'size' => 28355155,
  ),
)
push_token ----- array (
  'useridx' => '5',
)
push_token ----- array (
  'thum' => 
  array (
    'name' => 'android.graphics.Bitmap@969fe8.jpg',
    'type' => 'image/*',
    'tmp_name' => '/tmp/phpUWkAra',
    'error' => 0,
    'size' => 44941,
  ),
  'video' => 
  array (
    'name' => 'mobizen_20220914_104627.mp4',
    'type' => 'video/*',
    'tmp_name' => '/tmp/phphDpfxj',
    'error' => 0,
    'size' => 4085105,
  ),
)
push_token ----- array (
  'useridx' => '5',
)
push_token ----- array (
  'thum' => 
  array (
    'name' => 'android.graphics.Bitmap@c894697.jpg',
    'type' => 'image/*',
    'tmp_name' => '/tmp/php3C1xPL',
    'error' => 0,
    'size' => 103450,
  ),
  'video' => 
  array (
    'name' => '20221201_094604.mp4',
    'type' => 'video/*',
    'tmp_name' => '/tmp/phprSjZmw',
    'error' => 0,
    'size' => 12798572,
  ),
)
push_token ----- array (
  'useridx' => '5',
)
push_token ----- array (
  'thum' => 
  array (
    'name' => 'android.graphics.Bitmap@5a8fe4c.jpg',
    'type' => 'image/*',
    'tmp_name' => '/tmp/phpHjqIos',
    'error' => 0,
    'size' => 68433,
  ),
  'video' => 
  array (
    'name' => '20221206_163709.mp4',
    'type' => 'video/*',
    'tmp_name' => '/tmp/phpHuierT',
    'error' => 0,
    'size' => 8611106,
  ),
)
push_token ----- array (
  'useridx' => '5',
)
push_token ----- array (
  'thum' => 
  array (
    'name' => 'android.graphics.Bitmap@f391323.jpg',
    'type' => 'image/*',
    'tmp_name' => '/tmp/phpAxSqeJ',
    'error' => 0,
    'size' => 68433,
  ),
  'video' => 
  array (
    'name' => '20221206_163709.mp4',
    'type' => 'video/*',
    'tmp_name' => '/tmp/phprGgBn4',
    'error' => 0,
    'size' => 8611106,
  ),
)
push_token ----- array (
  'useridx' => '5',
)
push_token ----- array (
  'thum' => 
  array (
    'name' => 'android.graphics.Bitmap@33e1baa.jpg',
    'type' => 'image/*',
    'tmp_name' => '/tmp/phpqebFR5',
    'error' => 0,
    'size' => 68433,
  ),
  'video' => 
  array (
    'name' => '20221206_163709.mp4',
    'type' => 'video/*',
    'tmp_name' => '/tmp/phpZQCIr7',
    'error' => 0,
    'size' => 8611106,
  ),
)
push_token ----- array (
  'useridx' => '9',
)
push_token ----- array (
  'thum' => 
  array (
    'name' => 'android.graphics.Bitmap@2147c19.jpg',
    'type' => 'image/*',
    'tmp_name' => '/tmp/phpHLpfuo',
    'error' => 0,
    'size' => 29191,
  ),
  'video' => 
  array (
    'name' => '2-2-1.mp4',
    'type' => 'video/*',
    'tmp_name' => '/tmp/php2oazQR',
    'error' => 0,
    'size' => 8934490,
  ),
)
push_token ----- array (
  'useridx' => '9',
)
push_token ----- array (
  'thum' => 
  array (
    'name' => 'android.graphics.Bitmap@50d3f66.jpg',
    'type' => 'image/*',
    'tmp_name' => '/tmp/phpllmzbw',
    'error' => 0,
    'size' => 27049,
  ),
  'video' => 
  array (
    'name' => '2-2-2.mp4',
    'type' => 'video/*',
    'tmp_name' => '/tmp/phpcWjrd7',
    'error' => 0,
    'size' => 7762219,
  ),
)
push_token ----- array (
  'useridx' => '9',
)
push_token ----- array (
  'thum' => 
  array (
    'name' => 'android.graphics.Bitmap@6565566.jpg',
    'type' => 'image/*',
    'tmp_name' => '/tmp/phpNY2W6F',
    'error' => 0,
    'size' => 27049,
  ),
  'video' => 
  array (
    'name' => '2-2-2.mp4',
    'type' => 'video/*',
    'tmp_name' => '/tmp/phpI4qA3q',
    'error' => 0,
    'size' => 7762219,
  ),
)
push_token ----- array (
  'useridx' => '9',
)
push_token ----- array (
  'thum' => 
  array (
    'name' => 'android.graphics.Bitmap@452a284.jpg',
    'type' => 'image/*',
    'tmp_name' => '/tmp/phpc9Ched',
    'error' => 0,
    'size' => 28240,
  ),
  'video' => 
  array (
    'name' => '2-2-3.mp4',
    'type' => 'video/*',
    'tmp_name' => '/tmp/phpspeciv',
    'error' => 0,
    'size' => 9370231,
  ),
)
push_token ----- array (
  'useridx' => '9',
)
push_token ----- array (
  'thum' => 
  array (
    'name' => 'android.graphics.Bitmap@51f17a2.jpg',
    'type' => 'image/*',
    'tmp_name' => '/tmp/phpgUhodv',
    'error' => 0,
    'size' => 31556,
  ),
  'video' => 
  array (
    'name' => '2-5-4.mp4',
    'type' => 'video/*',
    'tmp_name' => '/tmp/phpCvaDg5',
    'error' => 0,
    'size' => 10260652,
  ),
)
push_token ----- array (
  'useridx' => '9',
)
push_token ----- array (
  'thum' => 
  array (
    'name' => 'android.graphics.Bitmap@bf930ef.jpg',
    'type' => 'image/*',
    'tmp_name' => '/tmp/phpbhrHuV',
    'error' => 0,
    'size' => 33746,
  ),
  'video' => 
  array (
    'name' => '1-3-5.mp4',
    'type' => 'video/*',
    'tmp_name' => '/tmp/phpik6xQV',
    'error' => 0,
    'size' => 9248603,
  ),
)
push_token ----- array (
  'useridx' => '9',
)
push_token ----- array (
  'thum' => 
  array (
    'name' => 'android.graphics.Bitmap@d5aae86.jpg',
    'type' => 'image/*',
    'tmp_name' => '/tmp/phpE26xgA',
    'error' => 0,
    'size' => 49088,
  ),
  'video' => 
  array (
    'name' => '1-4-7.mp4',
    'type' => 'video/*',
    'tmp_name' => '/tmp/phpey5hqf',
    'error' => 0,
    'size' => 21440020,
  ),
)
push_token ----- array (
  'useridx' => '9',
)
push_token ----- array (
  'thum' => 
  array (
    'name' => 'android.graphics.Bitmap@714b150.jpg',
    'type' => 'image/*',
    'tmp_name' => '/tmp/phpWWsuuz',
    'error' => 0,
    'size' => 50441,
  ),
  'video' => 
  array (
    'name' => '1-4-8.mp4',
    'type' => 'video/*',
    'tmp_name' => '/tmp/phpwVUqRd',
    'error' => 0,
    'size' => 17721292,
  ),
)
push_token ----- array (
  'useridx' => '9',
)
push_token ----- array (
  'thum' => 
  array (
    'name' => 'android.graphics.Bitmap@991f801.jpg',
    'type' => 'image/*',
    'tmp_name' => '/tmp/phpvAeiPp',
    'error' => 0,
    'size' => 51514,
  ),
  'video' => 
  array (
    'name' => '1-7-9.mp4',
    'type' => 'video/*',
    'tmp_name' => '/tmp/phpefTlwU',
    'error' => 0,
    'size' => 15770506,
  ),
)
push_token ----- array (
  'useridx' => '9',
)
push_token ----- array (
  'thum' => 
  array (
    'name' => 'android.graphics.Bitmap@c8dc51e.jpg',
    'type' => 'image/*',
    'tmp_name' => '/tmp/phpVDTzX1',
    'error' => 0,
    'size' => 50643,
  ),
  'video' => 
  array (
    'name' => '1-6-10.mp4',
    'type' => 'video/*',
    'tmp_name' => '/tmp/phpYnZsP8',
    'error' => 0,
    'size' => 24196215,
  ),
)
push_token ----- array (
  'useridx' => '9',
)
push_token ----- array (
  'thum' => 
  array (
    'name' => 'android.graphics.Bitmap@aee7c1a.jpg',
    'type' => 'image/*',
    'tmp_name' => '/tmp/phpSznReg',
    'error' => 0,
    'size' => 48818,
  ),
  'video' => 
  array (
    'name' => '2-4-11.mp4',
    'type' => 'video/*',
    'tmp_name' => '/tmp/phpQNggHi',
    'error' => 0,
    'size' => 8334651,
  ),
)
push_token ----- array (
  'useridx' => '9',
)
push_token ----- array (
  'thum' => 
  array (
    'name' => 'android.graphics.Bitmap@22723d9.jpg',
    'type' => 'image/*',
    'tmp_name' => '/tmp/php9E1NiH',
    'error' => 0,
    'size' => 57008,
  ),
  'video' => 
  array (
    'name' => '2-6-12.mp4',
    'type' => 'video/*',
    'tmp_name' => '/tmp/phpCMY0tt',
    'error' => 0,
    'size' => 12421195,
  ),
)
push_token ----- array (
  'useridx' => '9',
)
push_token ----- array (
  'thum' => 
  array (
    'name' => 'android.graphics.Bitmap@103ed28.jpg',
    'type' => 'image/*',
    'tmp_name' => '/tmp/phpz4TzdX',
    'error' => 0,
    'size' => 50003,
  ),
  'video' => 
  array (
    'name' => '2-6-13.mp4',
    'type' => 'video/*',
    'tmp_name' => '/tmp/phpcJ0ujZ',
    'error' => 0,
    'size' => 18206907,
  ),
)
push_token ----- array (
  'useridx' => '9',
)
push_token ----- array (
  'thum' => 
  array (
    'name' => 'android.graphics.Bitmap@8adcf32.jpg',
    'type' => 'image/*',
    'tmp_name' => '/tmp/phpQXrxX6',
    'error' => 0,
    'size' => 49227,
  ),
  'video' => 
  array (
    'name' => '1-6-14.mp4',
    'type' => 'video/*',
    'tmp_name' => '/tmp/phpsmSxMi',
    'error' => 0,
    'size' => 13300541,
  ),
)
push_token ----- array (
  'useridx' => '9',
)
push_token ----- array (
  'thum' => 
  array (
    'name' => 'android.graphics.Bitmap@4319f40.jpg',
    'type' => 'image/*',
    'tmp_name' => '/tmp/phpbILAWa',
    'error' => 0,
    'size' => 50823,
  ),
  'video' => 
  array (
    'name' => '2-3-15.mp4',
    'type' => 'video/*',
    'tmp_name' => '/tmp/phpueqmLq',
    'error' => 0,
    'size' => 14175219,
  ),
)
push_token ----- array (
  'useridx' => '9',
)
push_token ----- array (
  'thum' => 
  array (
    'name' => 'android.graphics.Bitmap@eca3cc7.jpg',
    'type' => 'image/*',
    'tmp_name' => '/tmp/phpinjgc1',
    'error' => 0,
    'size' => 48533,
  ),
  'video' => 
  array (
    'name' => '2-3-16.mp4',
    'type' => 'video/*',
    'tmp_name' => '/tmp/phpQ8uSg7',
    'error' => 0,
    'size' => 21969347,
  ),
)
push_token ----- array (
  'useridx' => '9',
)
push_token ----- array (
  'thum' => 
  array (
    'name' => 'android.graphics.Bitmap@7ccfcbd.jpg',
    'type' => 'image/*',
    'tmp_name' => '/tmp/phpcg69W8',
    'error' => 0,
    'size' => 52433,
  ),
  'video' => 
  array (
    'name' => '2-6-17.mp4',
    'type' => 'video/*',
    'tmp_name' => '/tmp/php4uxyMm',
    'error' => 0,
    'size' => 13108016,
  ),
)
push_token ----- array (
  'useridx' => '9',
)
push_token ----- array (
  'thum' => 
  array (
    'name' => 'android.graphics.Bitmap@1e45cca.jpg',
    'type' => 'image/*',
    'tmp_name' => '/tmp/php1PmJm9',
    'error' => 0,
    'size' => 48222,
  ),
  'video' => 
  array (
    'name' => '2-6-18.mp4',
    'type' => 'video/*',
    'tmp_name' => '/tmp/php6yCuDn',
    'error' => 0,
    'size' => 15042296,
  ),
)
push_token ----- array (
  'useridx' => '9',
)
push_token ----- array (
  'thum' => 
  array (
    'name' => 'android.graphics.Bitmap@2c1ebc7.jpg',
    'type' => 'image/*',
    'tmp_name' => '/tmp/phpiQQtCN',
    'error' => 0,
    'size' => 51902,
  ),
  'video' => 
  array (
    'name' => '2-6-19.mp4',
    'type' => 'video/*',
    'tmp_name' => '/tmp/phpkbB06F',
    'error' => 0,
    'size' => 11885735,
  ),
)
push_token ----- array (
  'useridx' => '9',
)
push_token ----- array (
  'thum' => 
  array (
    'name' => 'android.graphics.Bitmap@238ca20.jpg',
    'type' => 'image/*',
    'tmp_name' => '/tmp/phpoen9ky',
    'error' => 0,
    'size' => 51504,
  ),
  'video' => 
  array (
    'name' => '2-6-20.mp4',
    'type' => 'video/*',
    'tmp_name' => '/tmp/phpYPOmyb',
    'error' => 0,
    'size' => 11066453,
  ),
)
push_token ----- array (
  'useridx' => '9',
)
push_token ----- array (
  'thum' => 
  array (
    'name' => 'android.graphics.Bitmap@e604b3c.jpg',
    'type' => 'image/*',
    'tmp_name' => '/tmp/phpk0iEt5',
    'error' => 0,
    'size' => 52696,
  ),
  'video' => 
  array (
    'name' => '1-6-21.mp4',
    'type' => 'video/*',
    'tmp_name' => '/tmp/phpkp1HPf',
    'error' => 0,
    'size' => 11983188,
  ),
)
push_token ----- array (
  'useridx' => '9',
)
push_token ----- array (
  'thum' => 
  array (
    'name' => 'android.graphics.Bitmap@776c130.jpg',
    'type' => 'image/*',
    'tmp_name' => '/tmp/phpsCJ8cY',
    'error' => 0,
    'size' => 47531,
  ),
  'video' => 
  array (
    'name' => '1-7-23.mp4',
    'type' => 'video/*',
    'tmp_name' => '/tmp/phpWWmph1',
    'error' => 0,
    'size' => 10435800,
  ),
)
push_token ----- array (
  'useridx' => '9',
)
push_token ----- array (
  'thum' => 
  array (
    'name' => 'android.graphics.Bitmap@61a5450.jpg',
    'type' => 'image/*',
    'tmp_name' => '/tmp/phpGQXCb2',
    'error' => 0,
    'size' => 46013,
  ),
  'video' => 
  array (
    'name' => '1-7-24.mp4',
    'type' => 'video/*',
    'tmp_name' => '/tmp/phpwrTec3',
    'error' => 0,
    'size' => 9963108,
  ),
)
push_token ----- array (
  'useridx' => '9',
)
push_token ----- array (
  'thum' => 
  array (
    'name' => 'android.graphics.Bitmap@7ae51a.jpg',
    'type' => 'image/*',
    'tmp_name' => '/tmp/phpKOkUAd',
    'error' => 0,
    'size' => 47302,
  ),
  'video' => 
  array (
    'name' => '1-7-25.mp4',
    'type' => 'video/*',
    'tmp_name' => '/tmp/phpgc452v',
    'error' => 0,
    'size' => 9305239,
  ),
)
push_token ----- array (
  'useridx' => '9',
)
push_token ----- array (
  'thum' => 
  array (
    'name' => 'android.graphics.Bitmap@e6c7335.jpg',
    'type' => 'image/*',
    'tmp_name' => '/tmp/phpcb954Z',
    'error' => 0,
    'size' => 49416,
  ),
  'video' => 
  array (
    'name' => '1-7-26.mp4',
    'type' => 'video/*',
    'tmp_name' => '/tmp/phpio6Lbu',
    'error' => 0,
    'size' => 10135665,
  ),
)
push_token ----- array (
  'useridx' => '9',
)
push_token ----- array (
  'thum' => 
  array (
    'name' => 'android.graphics.Bitmap@ae8f0a1.jpg',
    'type' => 'image/*',
    'tmp_name' => '/tmp/phpXKuLt8',
    'error' => 0,
    'size' => 53528,
  ),
  'video' => 
  array (
    'name' => '1-3-27.mp4',
    'type' => 'video/*',
    'tmp_name' => '/tmp/phpOw1tTl',
    'error' => 0,
    'size' => 13586805,
  ),
)
push_token ----- array (
  'useridx' => '9',
)
push_token ----- array (
  'thum' => 
  array (
    'name' => 'android.graphics.Bitmap@2b7520d.jpg',
    'type' => 'image/*',
    'tmp_name' => '/tmp/phpI7yu5y',
    'error' => 0,
    'size' => 43010,
  ),
  'video' => 
  array (
    'name' => '2-6-28.mp4',
    'type' => 'video/*',
    'tmp_name' => '/tmp/phpIphA2c',
    'error' => 0,
    'size' => 12888420,
  ),
)
push_token ----- array (
  'useridx' => '9',
)
push_token ----- array (
  'thum' => 
  array (
    'name' => 'android.graphics.Bitmap@b9accda.jpg',
    'type' => 'image/*',
    'tmp_name' => '/tmp/phpzLY108',
    'error' => 0,
    'size' => 49251,
  ),
  'video' => 
  array (
    'name' => '1-7-29.mp4',
    'type' => 'video/*',
    'tmp_name' => '/tmp/phpaOU2Tm',
    'error' => 0,
    'size' => 16877108,
  ),
)
push_token ----- array (
  'useridx' => '9',
)
push_token ----- array (
  'thum' => 
  array (
    'name' => 'android.graphics.Bitmap@6dad354.jpg',
    'type' => 'image/*',
    'tmp_name' => '/tmp/phpVdIVxA',
    'error' => 0,
    'size' => 47435,
  ),
  'video' => 
  array (
    'name' => '2-6-31.mp4',
    'type' => 'video/*',
    'tmp_name' => '/tmp/phpORfaYf',
    'error' => 0,
    'size' => 8541615,
  ),
)
push_token ----- array (
  'useridx' => '9',
)
push_token ----- array (
  'thum' => 
  array (
    'name' => 'android.graphics.Bitmap@bf4238.jpg',
    'type' => 'image/*',
    'tmp_name' => '/tmp/phpsYdskO',
    'error' => 0,
    'size' => 46772,
  ),
  'video' => 
  array (
    'name' => '2-5-32.mp4',
    'type' => 'video/*',
    'tmp_name' => '/tmp/phpa6uZHp',
    'error' => 0,
    'size' => 12440569,
  ),
)
push_token ----- array (
)
push_token ----- array (
)
